{"/home/vpashayan/Desktop/VTG/infraops-utils-container/infraops-utils/msinfraops-dev-apps/code/packages/utilities/src/index.ts": {"path":"/home/vpashayan/Desktop/VTG/infraops-utils-container/infraops-utils/msinfraops-dev-apps/code/packages/utilities/src/index.ts","statementMap":{"0":{"start":{"line":1,"column":0},"end":{"line":1,"column":28}},"1":{"start":{"line":2,"column":0},"end":{"line":2,"column":26}},"2":{"start":{"line":3,"column":0},"end":{"line":3,"column":25}},"3":{"start":{"line":4,"column":0},"end":{"line":4,"column":23}},"4":{"start":{"line":5,"column":0},"end":{"line":5,"column":9}},"5":{"start":{"line":5,"column":9},"end":{"line":5,"column":32}}},"fnMap":{"0":{"name":"(anonymous_4)","decl":{"start":{"line":5,"column":9},"end":{"line":5,"column":14}},"loc":{"start":{"line":5,"column":9},"end":{"line":5,"column":32}}}},"branchMap":{},"s":{"0":2,"1":2,"2":2,"3":2,"4":2,"5":2},"f":{"0":0},"b":{}}
,"/home/vpashayan/Desktop/VTG/infraops-utils-container/infraops-utils/msinfraops-dev-apps/code/packages/utilities/src/analytics/helpers.ts": {"path":"/home/vpashayan/Desktop/VTG/infraops-utils-container/infraops-utils/msinfraops-dev-apps/code/packages/utilities/src/analytics/helpers.ts","statementMap":{"0":{"start":{"line":1,"column":0},"end":{"line":1,"column":83}},"1":{"start":{"line":4,"column":40},"end":{"line":33,"column":1}},"2":{"start":{"line":5,"column":2},"end":{"line":32,"column":3}},"3":{"start":{"line":7,"column":6},"end":{"line":7,"column":32}},"4":{"start":{"line":9,"column":6},"end":{"line":9,"column":33}},"5":{"start":{"line":11,"column":6},"end":{"line":11,"column":35}},"6":{"start":{"line":13,"column":6},"end":{"line":13,"column":45}},"7":{"start":{"line":15,"column":6},"end":{"line":15,"column":48}},"8":{"start":{"line":17,"column":6},"end":{"line":17,"column":43}},"9":{"start":{"line":19,"column":6},"end":{"line":19,"column":38}},"10":{"start":{"line":21,"column":6},"end":{"line":21,"column":47}},"11":{"start":{"line":23,"column":6},"end":{"line":23,"column":36}},"12":{"start":{"line":25,"column":6},"end":{"line":25,"column":38}},"13":{"start":{"line":27,"column":6},"end":{"line":27,"column":38}},"14":{"start":{"line":29,"column":6},"end":{"line":29,"column":38}},"15":{"start":{"line":31,"column":6},"end":{"line":31,"column":21}},"16":{"start":{"line":4,"column":13},"end":{"line":4,"column":40}}},"fnMap":{"0":{"name":"(anonymous_0)","decl":{"start":{"line":4,"column":40},"end":{"line":4,"column":41}},"loc":{"start":{"line":4,"column":49},"end":{"line":33,"column":1}}}},"branchMap":{"0":{"loc":{"start":{"line":5,"column":2},"end":{"line":32,"column":3}},"type":"switch","locations":[{"start":{"line":6,"column":4},"end":{"line":7,"column":32}},{"start":{"line":8,"column":4},"end":{"line":9,"column":33}},{"start":{"line":10,"column":4},"end":{"line":11,"column":35}},{"start":{"line":12,"column":4},"end":{"line":13,"column":45}},{"start":{"line":14,"column":4},"end":{"line":15,"column":48}},{"start":{"line":16,"column":4},"end":{"line":17,"column":43}},{"start":{"line":18,"column":4},"end":{"line":19,"column":38}},{"start":{"line":20,"column":4},"end":{"line":21,"column":47}},{"start":{"line":22,"column":4},"end":{"line":23,"column":36}},{"start":{"line":24,"column":4},"end":{"line":25,"column":38}},{"start":{"line":26,"column":4},"end":{"line":27,"column":38}},{"start":{"line":28,"column":4},"end":{"line":29,"column":38}},{"start":{"line":30,"column":4},"end":{"line":31,"column":21}}]}},"s":{"0":3,"1":3,"2":9,"3":1,"4":1,"5":1,"6":1,"7":1,"8":1,"9":0,"10":1,"11":0,"12":1,"13":0,"14":0,"15":1,"16":3},"f":{"0":9},"b":{"0":[1,1,1,1,1,1,0,1,0,1,0,0,1]}}
,"/home/vpashayan/Desktop/VTG/infraops-utils-container/infraops-utils/msinfraops-dev-apps/code/packages/utilities/src/analytics/index.ts": {"path":"/home/vpashayan/Desktop/VTG/infraops-utils-container/infraops-utils/msinfraops-dev-apps/code/packages/utilities/src/analytics/index.ts","statementMap":{"0":{"start":{"line":1,"column":0},"end":{"line":1,"column":9}},"1":{"start":{"line":1,"column":9},"end":{"line":1,"column":46}},"2":{"start":{"line":2,"column":0},"end":{"line":2,"column":9}},"3":{"start":{"line":2,"column":9},"end":{"line":2,"column":48}},"4":{"start":{"line":3,"column":0},"end":{"line":3,"column":9}},"5":{"start":{"line":3,"column":9},"end":{"line":3,"column":66}},"6":{"start":{"line":4,"column":0},"end":{"line":4,"column":9}},"7":{"start":{"line":4,"column":9},"end":{"line":4,"column":26}},"8":{"start":{"line":4,"column":26},"end":{"line":4,"column":44}},"9":{"start":{"line":4,"column":44},"end":{"line":4,"column":81}},"10":{"start":{"line":5,"column":0},"end":{"line":5,"column":9}},"11":{"start":{"line":5,"column":9},"end":{"line":5,"column":59}},"12":{"start":{"line":6,"column":0},"end":{"line":6,"column":9}},"13":{"start":{"line":6,"column":9},"end":{"line":6,"column":26}},"14":{"start":{"line":6,"column":26},"end":{"line":6,"column":73}},"15":{"start":{"line":7,"column":0},"end":{"line":7,"column":9}},"16":{"start":{"line":7,"column":9},"end":{"line":7,"column":54}}},"fnMap":{"0":{"name":"(anonymous_0)","decl":{"start":{"line":1,"column":9},"end":{"line":1,"column":21}},"loc":{"start":{"line":1,"column":9},"end":{"line":1,"column":46}}},"1":{"name":"(anonymous_1)","decl":{"start":{"line":2,"column":9},"end":{"line":2,"column":22}},"loc":{"start":{"line":2,"column":9},"end":{"line":2,"column":48}}},"2":{"name":"(anonymous_2)","decl":{"start":{"line":3,"column":9},"end":{"line":3,"column":31}},"loc":{"start":{"line":3,"column":9},"end":{"line":3,"column":66}}},"3":{"name":"(anonymous_3)","decl":{"start":{"line":4,"column":9},"end":{"line":4,"column":24}},"loc":{"start":{"line":4,"column":9},"end":{"line":4,"column":26}}},"4":{"name":"(anonymous_4)","decl":{"start":{"line":4,"column":26},"end":{"line":4,"column":42}},"loc":{"start":{"line":4,"column":26},"end":{"line":4,"column":44}}},"5":{"name":"(anonymous_5)","decl":{"start":{"line":4,"column":44},"end":{"line":4,"column":56}},"loc":{"start":{"line":4,"column":44},"end":{"line":4,"column":81}}},"6":{"name":"(anonymous_6)","decl":{"start":{"line":5,"column":9},"end":{"line":5,"column":29}},"loc":{"start":{"line":5,"column":9},"end":{"line":5,"column":59}}},"7":{"name":"(anonymous_7)","decl":{"start":{"line":6,"column":9},"end":{"line":6,"column":24}},"loc":{"start":{"line":6,"column":9},"end":{"line":6,"column":26}}},"8":{"name":"(anonymous_8)","decl":{"start":{"line":6,"column":26},"end":{"line":6,"column":45}},"loc":{"start":{"line":6,"column":26},"end":{"line":6,"column":73}}},"9":{"name":"(anonymous_9)","decl":{"start":{"line":7,"column":9},"end":{"line":7,"column":25}},"loc":{"start":{"line":7,"column":9},"end":{"line":7,"column":54}}}},"branchMap":{},"s":{"0":2,"1":2,"2":2,"3":2,"4":2,"5":2,"6":2,"7":2,"8":2,"9":2,"10":2,"11":2,"12":2,"13":2,"14":2,"15":2,"16":2},"f":{"0":0,"1":0,"2":0,"3":0,"4":0,"5":0,"6":0,"7":0,"8":0,"9":0},"b":{}}
,"/home/vpashayan/Desktop/VTG/infraops-utils-container/infraops-utils/msinfraops-dev-apps/code/packages/utilities/src/analytics/initializeGA.ts": {"path":"/home/vpashayan/Desktop/VTG/infraops-utils-container/infraops-utils/msinfraops-dev-apps/code/packages/utilities/src/analytics/initializeGA.ts","statementMap":{"0":{"start":{"line":2,"column":42},"end":{"line":21,"column":1}},"1":{"start":{"line":3,"column":2},"end":{"line":6,"column":3}},"2":{"start":{"line":4,"column":4},"end":{"line":4,"column":41}},"3":{"start":{"line":5,"column":4},"end":{"line":5,"column":11}},"4":{"start":{"line":8,"column":17},"end":{"line":8,"column":49}},"5":{"start":{"line":9,"column":2},"end":{"line":9,"column":67}},"6":{"start":{"line":10,"column":2},"end":{"line":10,"column":22}},"7":{"start":{"line":11,"column":2},"end":{"line":11,"column":36}},"8":{"start":{"line":13,"column":2},"end":{"line":20,"column":4}},"9":{"start":{"line":14,"column":4},"end":{"line":14,"column":46}},"10":{"start":{"line":16,"column":6},"end":{"line":16,"column":34}},"11":{"start":{"line":18,"column":4},"end":{"line":18,"column":27}},"12":{"start":{"line":19,"column":4},"end":{"line":19,"column":23}},"13":{"start":{"line":2,"column":13},"end":{"line":2,"column":42}}},"fnMap":{"0":{"name":"(anonymous_0)","decl":{"start":{"line":2,"column":42},"end":{"line":2,"column":43}},"loc":{"start":{"line":2,"column":49},"end":{"line":21,"column":1}}},"1":{"name":"(anonymous_1)","decl":{"start":{"line":13,"column":18},"end":{"line":13,"column":21}},"loc":{"start":{"line":13,"column":23},"end":{"line":20,"column":3}}},"2":{"name":"gtag","decl":{"start":{"line":15,"column":13},"end":{"line":15,"column":17}},"loc":{"start":{"line":15,"column":32},"end":{"line":17,"column":5}}}},"branchMap":{"0":{"loc":{"start":{"line":3,"column":2},"end":{"line":6,"column":3}},"type":"if","locations":[{"start":{"line":3,"column":2},"end":{"line":6,"column":3}}]},"1":{"loc":{"start":{"line":14,"column":23},"end":{"line":14,"column":45}},"type":"binary-expr","locations":[{"start":{"line":14,"column":23},"end":{"line":14,"column":39}},{"start":{"line":14,"column":43},"end":{"line":14,"column":45}}]}},"s":{"0":2,"1":0,"2":0,"3":0,"4":0,"5":0,"6":0,"7":0,"8":0,"9":0,"10":0,"11":0,"12":0,"13":2},"f":{"0":0,"1":0,"2":0},"b":{"0":[0],"1":[0,0]}}
,"/home/vpashayan/Desktop/VTG/infraops-utils-container/infraops-utils/msinfraops-dev-apps/code/packages/utilities/src/analytics/initializeGTM.ts": {"path":"/home/vpashayan/Desktop/VTG/infraops-utils-container/infraops-utils/msinfraops-dev-apps/code/packages/utilities/src/analytics/initializeGTM.ts","statementMap":{"0":{"start":{"line":2,"column":44},"end":{"line":19,"column":1}},"1":{"start":{"line":3,"column":2},"end":{"line":6,"column":3}},"2":{"start":{"line":4,"column":4},"end":{"line":4,"column":42}},"3":{"start":{"line":5,"column":4},"end":{"line":5,"column":11}},"4":{"start":{"line":8,"column":2},"end":{"line":18,"column":3}},"5":{"start":{"line":9,"column":4},"end":{"line":9,"column":46}},"6":{"start":{"line":10,"column":4},"end":{"line":13,"column":7}},"7":{"start":{"line":14,"column":22},"end":{"line":14,"column":54}},"8":{"start":{"line":15,"column":4},"end":{"line":15,"column":71}},"9":{"start":{"line":16,"column":4},"end":{"line":16,"column":27}},"10":{"start":{"line":17,"column":4},"end":{"line":17,"column":41}},"11":{"start":{"line":2,"column":13},"end":{"line":2,"column":44}}},"fnMap":{"0":{"name":"(anonymous_0)","decl":{"start":{"line":2,"column":44},"end":{"line":2,"column":45}},"loc":{"start":{"line":2,"column":51},"end":{"line":19,"column":1}}}},"branchMap":{"0":{"loc":{"start":{"line":3,"column":2},"end":{"line":6,"column":3}},"type":"if","locations":[{"start":{"line":3,"column":2},"end":{"line":6,"column":3}}]},"1":{"loc":{"start":{"line":8,"column":2},"end":{"line":18,"column":3}},"type":"if","locations":[{"start":{"line":8,"column":2},"end":{"line":18,"column":3}}]},"2":{"loc":{"start":{"line":9,"column":23},"end":{"line":9,"column":45}},"type":"binary-expr","locations":[{"start":{"line":9,"column":23},"end":{"line":9,"column":39}},{"start":{"line":9,"column":43},"end":{"line":9,"column":45}}]}},"s":{"0":2,"1":0,"2":0,"3":0,"4":0,"5":0,"6":0,"7":0,"8":0,"9":0,"10":0,"11":2},"f":{"0":0},"b":{"0":[0],"1":[0],"2":[0,0]}}
,"/home/vpashayan/Desktop/VTG/infraops-utils-container/infraops-utils/msinfraops-dev-apps/code/packages/utilities/src/analytics/initializePendo.ts": {"path":"/home/vpashayan/Desktop/VTG/infraops-utils-container/infraops-utils/msinfraops-dev-apps/code/packages/utilities/src/analytics/initializePendo.ts","statementMap":{"0":{"start":{"line":2,"column":0},"end":{"line":2,"column":34}},"1":{"start":{"line":4,"column":20},"end":{"line":4,"column":58}},"2":{"start":{"line":7,"column":48},"end":{"line":26,"column":1}},"3":{"start":{"line":8,"column":25},"end":{"line":8,"column":63}},"4":{"start":{"line":9,"column":2},"end":{"line":11,"column":3}},"5":{"start":{"line":10,"column":4},"end":{"line":10,"column":28}},"6":{"start":{"line":13,"column":17},"end":{"line":13,"column":49}},"7":{"start":{"line":14,"column":2},"end":{"line":14,"column":34}},"8":{"start":{"line":15,"column":2},"end":{"line":15,"column":28}},"9":{"start":{"line":16,"column":2},"end":{"line":16,"column":22}},"10":{"start":{"line":17,"column":2},"end":{"line":23,"column":23}},"11":{"start":{"line":25,"column":2},"end":{"line":25,"column":36}},"12":{"start":{"line":7,"column":13},"end":{"line":7,"column":48}},"13":{"start":{"line":29,"column":56},"end":{"line":48,"column":1}},"14":{"start":{"line":30,"column":25},"end":{"line":41,"column":3}},"15":{"start":{"line":31,"column":4},"end":{"line":39,"column":5}},"16":{"start":{"line":32,"column":19},"end":{"line":32,"column":36}},"17":{"start":{"line":33,"column":6},"end":{"line":38,"column":8}},"18":{"start":{"line":40,"column":4},"end":{"line":40,"column":14}},"19":{"start":{"line":42,"column":2},"end":{"line":47,"column":5}},"20":{"start":{"line":29,"column":13},"end":{"line":29,"column":56}}},"fnMap":{"0":{"name":"(anonymous_6)","decl":{"start":{"line":7,"column":48},"end":{"line":7,"column":51}},"loc":{"start":{"line":7,"column":53},"end":{"line":26,"column":1}}},"1":{"name":"(anonymous_7)","decl":{"start":{"line":29,"column":56},"end":{"line":29,"column":57}},"loc":{"start":{"line":29,"column":67},"end":{"line":48,"column":1}}},"2":{"name":"(anonymous_8)","decl":{"start":{"line":30,"column":25},"end":{"line":30,"column":26}},"loc":{"start":{"line":30,"column":44},"end":{"line":41,"column":3}}}},"branchMap":{"0":{"loc":{"start":{"line":9,"column":2},"end":{"line":11,"column":3}},"type":"if","locations":[{"start":{"line":9,"column":2},"end":{"line":11,"column":3}}]},"1":{"loc":{"start":{"line":31,"column":4},"end":{"line":39,"column":5}},"type":"if","locations":[{"start":{"line":31,"column":4},"end":{"line":39,"column":5}}]},"2":{"loc":{"start":{"line":37,"column":19},"end":{"line":37,"column":66}},"type":"cond-expr","locations":[{"start":{"line":37,"column":36},"end":{"line":37,"column":61}},{"start":{"line":37,"column":64},"end":{"line":37,"column":66}}]}},"s":{"0":2,"1":2,"2":2,"3":0,"4":0,"5":0,"6":0,"7":0,"8":0,"9":0,"10":0,"11":0,"12":2,"13":2,"14":0,"15":0,"16":0,"17":0,"18":0,"19":0,"20":2},"f":{"0":0,"1":0,"2":0},"b":{"0":[0],"1":[0],"2":[0,0]}}
,"/home/vpashayan/Desktop/VTG/infraops-utils-container/infraops-utils/msinfraops-dev-apps/code/packages/utilities/src/analytics/initializeVWOSmartcode.ts": {"path":"/home/vpashayan/Desktop/VTG/infraops-utils-container/infraops-utils/msinfraops-dev-apps/code/packages/utilities/src/analytics/initializeVWOSmartcode.ts","statementMap":{"0":{"start":{"line":2,"column":62},"end":{"line":34,"column":1}},"1":{"start":{"line":3,"column":2},"end":{"line":6,"column":3}},"2":{"start":{"line":4,"column":4},"end":{"line":4,"column":42}},"3":{"start":{"line":5,"column":4},"end":{"line":5,"column":11}},"4":{"start":{"line":8,"column":25},"end":{"line":8,"column":59}},"5":{"start":{"line":9,"column":2},"end":{"line":11,"column":3}},"6":{"start":{"line":10,"column":4},"end":{"line":10,"column":28}},"7":{"start":{"line":13,"column":17},"end":{"line":13,"column":49}},"8":{"start":{"line":14,"column":2},"end":{"line":14,"column":34}},"9":{"start":{"line":15,"column":2},"end":{"line":15,"column":24}},"10":{"start":{"line":16,"column":2},"end":{"line":16,"column":22}},"11":{"start":{"line":17,"column":2},"end":{"line":32,"column":20}},"12":{"start":{"line":33,"column":2},"end":{"line":33,"column":36}},"13":{"start":{"line":2,"column":13},"end":{"line":2,"column":62}}},"fnMap":{"0":{"name":"(anonymous_0)","decl":{"start":{"line":2,"column":62},"end":{"line":2,"column":63}},"loc":{"start":{"line":2,"column":69},"end":{"line":34,"column":1}}}},"branchMap":{"0":{"loc":{"start":{"line":3,"column":2},"end":{"line":6,"column":3}},"type":"if","locations":[{"start":{"line":3,"column":2},"end":{"line":6,"column":3}}]},"1":{"loc":{"start":{"line":9,"column":2},"end":{"line":11,"column":3}},"type":"if","locations":[{"start":{"line":9,"column":2},"end":{"line":11,"column":3}}]}},"s":{"0":2,"1":0,"2":0,"3":0,"4":0,"5":0,"6":0,"7":0,"8":0,"9":0,"10":0,"11":0,"12":0,"13":2},"f":{"0":0},"b":{"0":[0],"1":[0]}}
,"/home/vpashayan/Desktop/VTG/infraops-utils-container/infraops-utils/msinfraops-dev-apps/code/packages/utilities/src/analytics/pendoVisitorInit.ts": {"path":"/home/vpashayan/Desktop/VTG/infraops-utils-container/infraops-utils/msinfraops-dev-apps/code/packages/utilities/src/analytics/pendoVisitorInit.ts","statementMap":{"0":{"start":{"line":1,"column":0},"end":{"line":1,"column":34}},"1":{"start":{"line":4,"column":32},"end":{"line":24,"column":1}},"2":{"start":{"line":5,"column":2},"end":{"line":5,"column":44}},"3":{"start":{"line":5,"column":37},"end":{"line":5,"column":44}},"4":{"start":{"line":7,"column":20},"end":{"line":7,"column":30}},"5":{"start":{"line":9,"column":19},"end":{"line":16,"column":8}},"6":{"start":{"line":18,"column":2},"end":{"line":18,"column":44}},"7":{"start":{"line":19,"column":2},"end":{"line":23,"column":5}},"8":{"start":{"line":4,"column":13},"end":{"line":4,"column":32}}},"fnMap":{"0":{"name":"(anonymous_6)","decl":{"start":{"line":4,"column":32},"end":{"line":4,"column":33}},"loc":{"start":{"line":4,"column":51},"end":{"line":24,"column":1}}}},"branchMap":{"0":{"loc":{"start":{"line":5,"column":2},"end":{"line":5,"column":44}},"type":"if","locations":[{"start":{"line":5,"column":2},"end":{"line":5,"column":44}}]},"1":{"loc":{"start":{"line":9,"column":19},"end":{"line":16,"column":8}},"type":"cond-expr","locations":[{"start":{"line":10,"column":6},"end":{"line":15,"column":null}},{"start":{"line":16,"column":6},"end":{"line":16,"column":8}}]},"2":{"loc":{"start":{"line":18,"column":21},"end":{"line":18,"column":43}},"type":"binary-expr","locations":[{"start":{"line":18,"column":21},"end":{"line":18,"column":37}},{"start":{"line":18,"column":41},"end":{"line":18,"column":43}}]}},"s":{"0":2,"1":2,"2":0,"3":0,"4":0,"5":0,"6":0,"7":0,"8":2},"f":{"0":0},"b":{"0":[0],"1":[0,0],"2":[0,0]}}
,"/home/vpashayan/Desktop/VTG/infraops-utils-container/infraops-utils/msinfraops-dev-apps/code/packages/utilities/src/analytics/gtm/allowPageView.ts": {"path":"/home/vpashayan/Desktop/VTG/infraops-utils-container/infraops-utils/msinfraops-dev-apps/code/packages/utilities/src/analytics/gtm/allowPageView.ts","statementMap":{"0":{"start":{"line":1,"column":0},"end":{"line":1,"column":67}},"1":{"start":{"line":3,"column":21},"end":{"line":3,"column":24}},"2":{"start":{"line":5,"column":33},"end":{"line":5,"column":83}},"3":{"start":{"line":7,"column":31},"end":{"line":10,"column":1}},"4":{"start":{"line":8,"column":2},"end":{"line":8,"column":36}},"5":{"start":{"line":8,"column":23},"end":{"line":8,"column":36}},"6":{"start":{"line":9,"column":2},"end":{"line":9,"column":60}},"7":{"start":{"line":12,"column":36},"end":{"line":12,"column":185}},"8":{"start":{"line":12,"column":96},"end":{"line":12,"column":185}},"9":{"start":{"line":12,"column":13},"end":{"line":12,"column":36}}},"fnMap":{"0":{"name":"(anonymous_0)","decl":{"start":{"line":7,"column":31},"end":{"line":7,"column":32}},"loc":{"start":{"line":7,"column":94},"end":{"line":10,"column":1}}},"1":{"name":"(anonymous_1)","decl":{"start":{"line":12,"column":36},"end":{"line":12,"column":37}},"loc":{"start":{"line":12,"column":96},"end":{"line":12,"column":185}}}},"branchMap":{"0":{"loc":{"start":{"line":8,"column":2},"end":{"line":8,"column":36}},"type":"if","locations":[{"start":{"line":8,"column":2},"end":{"line":8,"column":36}}]},"1":{"loc":{"start":{"line":12,"column":98},"end":{"line":12,"column":184}},"type":"binary-expr","locations":[{"start":{"line":12,"column":98},"end":{"line":12,"column":123}},{"start":{"line":12,"column":127},"end":{"line":12,"column":184}}]}},"s":{"0":2,"1":2,"2":2,"3":2,"4":0,"5":0,"6":0,"7":2,"8":0,"9":2},"f":{"0":0,"1":0},"b":{"0":[0],"1":[0,0]}}
,"/home/vpashayan/Desktop/VTG/infraops-utils-container/infraops-utils/msinfraops-dev-apps/code/packages/utilities/src/analytics/gtm/triggers.ts": {"path":"/home/vpashayan/Desktop/VTG/infraops-utils-container/infraops-utils/msinfraops-dev-apps/code/packages/utilities/src/analytics/gtm/triggers.ts","statementMap":{"0":{"start":{"line":1,"column":0},"end":{"line":1,"column":49}},"1":{"start":{"line":2,"column":0},"end":{"line":2,"column":41}},"2":{"start":{"line":3,"column":0},"end":{"line":3,"column":null}},"3":{"start":{"line":4,"column":2},"end":{"line":4,"column":null}},"4":{"start":{"line":5,"column":2},"end":{"line":5,"column":null}},"5":{"start":{"line":6,"column":2},"end":{"line":6,"column":null}},"6":{"start":{"line":10,"column":48},"end":{"line":12,"column":1}},"7":{"start":{"line":11,"column":2},"end":{"line":11,"column":45}},"8":{"start":{"line":10,"column":13},"end":{"line":10,"column":48}},"9":{"start":{"line":31,"column":50},"end":{"line":40,"column":1}},"10":{"start":{"line":32,"column":2},"end":{"line":32,"column":44}},"11":{"start":{"line":33,"column":2},"end":{"line":33,"column":45}},"12":{"start":{"line":34,"column":2},"end":{"line":39,"column":5}},"13":{"start":{"line":31,"column":13},"end":{"line":31,"column":50}},"14":{"start":{"line":43,"column":42},"end":{"line":45,"column":1}},"15":{"start":{"line":44,"column":2},"end":{"line":44,"column":55}},"16":{"start":{"line":43,"column":13},"end":{"line":43,"column":42}},"17":{"start":{"line":48,"column":48},"end":{"line":59,"column":1}},"18":{"start":{"line":49,"column":29},"end":{"line":49,"column":44}},"19":{"start":{"line":50,"column":21},"end":{"line":50,"column":54}},"20":{"start":{"line":52,"column":2},"end":{"line":52,"column":44}},"21":{"start":{"line":53,"column":2},"end":{"line":58,"column":5}},"22":{"start":{"line":48,"column":13},"end":{"line":48,"column":48}}},"fnMap":{"0":{"name":"(anonymous_0)","decl":{"start":{"line":3,"column":0},"end":{"line":3,"column":12}},"loc":{"start":{"line":3,"column":21},"end":{"line":7,"column":1}}},"1":{"name":"(anonymous_1)","decl":{"start":{"line":10,"column":48},"end":{"line":10,"column":51}},"loc":{"start":{"line":10,"column":53},"end":{"line":12,"column":1}}},"2":{"name":"(anonymous_2)","decl":{"start":{"line":31,"column":50},"end":{"line":31,"column":51}},"loc":{"start":{"line":31,"column":59},"end":{"line":40,"column":1}}},"3":{"name":"(anonymous_3)","decl":{"start":{"line":43,"column":42},"end":{"line":43,"column":43}},"loc":{"start":{"line":43,"column":51},"end":{"line":45,"column":1}}},"4":{"name":"(anonymous_4)","decl":{"start":{"line":48,"column":48},"end":{"line":48,"column":49}},"loc":{"start":{"line":48,"column":57},"end":{"line":59,"column":1}}}},"branchMap":{"0":{"loc":{"start":{"line":3,"column":12},"end":{"line":3,"column":null}},"type":"binary-expr","locations":[{"start":{"line":3,"column":12},"end":{"line":3,"column":21}},{"start":{"line":3,"column":21},"end":{"line":3,"column":null}}]},"1":{"loc":{"start":{"line":32,"column":21},"end":{"line":32,"column":43}},"type":"binary-expr","locations":[{"start":{"line":32,"column":21},"end":{"line":32,"column":37}},{"start":{"line":32,"column":41},"end":{"line":32,"column":43}}]},"2":{"loc":{"start":{"line":52,"column":21},"end":{"line":52,"column":43}},"type":"binary-expr","locations":[{"start":{"line":52,"column":21},"end":{"line":52,"column":37}},{"start":{"line":52,"column":41},"end":{"line":52,"column":43}}]},"3":{"loc":{"start":{"line":56,"column":17},"end":{"line":56,"column":39}},"type":"cond-expr","locations":[{"start":{"line":56,"column":30},"end":{"line":56,"column":33}},{"start":{"line":56,"column":36},"end":{"line":56,"column":39}}]}},"s":{"0":2,"1":2,"2":2,"3":2,"4":2,"5":2,"6":2,"7":0,"8":2,"9":2,"10":0,"11":0,"12":0,"13":2,"14":2,"15":0,"16":2,"17":2,"18":0,"19":0,"20":0,"21":0,"22":2},"f":{"0":2,"1":0,"2":0,"3":0,"4":0},"b":{"0":[2,2],"1":[0,0],"2":[0,0],"3":[0,0]}}
,"/home/vpashayan/Desktop/VTG/infraops-utils-container/infraops-utils/msinfraops-dev-apps/code/packages/utilities/src/data/dataTransformation.tsx": {"path":"/home/vpashayan/Desktop/VTG/infraops-utils-container/infraops-utils/msinfraops-dev-apps/code/packages/utilities/src/data/dataTransformation.tsx","statementMap":{"0":{"start":{"line":1,"column":29},"end":{"line":13,"column":1}},"1":{"start":{"line":2,"column":2},"end":{"line":4,"column":3}},"2":{"start":{"line":3,"column":4},"end":{"line":3,"column":40}},"3":{"start":{"line":6,"column":26},"end":{"line":6,"column":45}},"4":{"start":{"line":8,"column":2},"end":{"line":10,"column":3}},"5":{"start":{"line":9,"column":4},"end":{"line":9,"column":54}},"6":{"start":{"line":12,"column":2},"end":{"line":12,"column":25}},"7":{"start":{"line":1,"column":13},"end":{"line":1,"column":29}}},"fnMap":{"0":{"name":"(anonymous_0)","decl":{"start":{"line":1,"column":29},"end":{"line":1,"column":36}},"loc":{"start":{"line":1,"column":97},"end":{"line":13,"column":1}}}},"branchMap":{"0":{"loc":{"start":{"line":2,"column":2},"end":{"line":4,"column":3}},"type":"if","locations":[{"start":{"line":2,"column":2},"end":{"line":4,"column":3}}]},"1":{"loc":{"start":{"line":8,"column":2},"end":{"line":10,"column":3}},"type":"if","locations":[{"start":{"line":8,"column":2},"end":{"line":10,"column":3}}]}},"s":{"0":2,"1":0,"2":0,"3":0,"4":0,"5":0,"6":0,"7":2},"f":{"0":0},"b":{"0":[0],"1":[0]}}
,"/home/vpashayan/Desktop/VTG/infraops-utils-container/infraops-utils/msinfraops-dev-apps/code/packages/utilities/src/data/index.ts": {"path":"/home/vpashayan/Desktop/VTG/infraops-utils-container/infraops-utils/msinfraops-dev-apps/code/packages/utilities/src/data/index.ts","statementMap":{"0":{"start":{"line":1,"column":0},"end":{"line":1,"column":9}},"1":{"start":{"line":1,"column":9},"end":{"line":1,"column":53}},"2":{"start":{"line":2,"column":0},"end":{"line":2,"column":9}},"3":{"start":{"line":2,"column":9},"end":{"line":2,"column":48}}},"fnMap":{"0":{"name":"(anonymous_0)","decl":{"start":{"line":1,"column":9},"end":{"line":1,"column":22}},"loc":{"start":{"line":1,"column":9},"end":{"line":1,"column":53}}},"1":{"name":"(anonymous_1)","decl":{"start":{"line":2,"column":9},"end":{"line":2,"column":22}},"loc":{"start":{"line":2,"column":9},"end":{"line":2,"column":48}}}},"branchMap":{},"s":{"0":2,"1":2,"2":2,"3":2},"f":{"0":0,"1":0},"b":{}}
,"/home/vpashayan/Desktop/VTG/infraops-utils-container/infraops-utils/msinfraops-dev-apps/code/packages/utilities/src/data/parseJSONData.ts": {"path":"/home/vpashayan/Desktop/VTG/infraops-utils-container/infraops-utils/msinfraops-dev-apps/code/packages/utilities/src/data/parseJSONData.ts","statementMap":{"0":{"start":{"line":1,"column":0},"end":{"line":1,"column":32}},"1":{"start":{"line":3,"column":19},"end":{"line":3,"column":46}},"2":{"start":{"line":5,"column":29},"end":{"line":9,"column":4}},"3":{"start":{"line":6,"column":2},"end":{"line":9,"column":4}},"4":{"start":{"line":7,"column":15},"end":{"line":7,"column":35}},"5":{"start":{"line":8,"column":17},"end":{"line":8,"column":27}},"6":{"start":{"line":5,"column":13},"end":{"line":5,"column":29}}},"fnMap":{"0":{"name":"(anonymous_0)","decl":{"start":{"line":5,"column":29},"end":{"line":5,"column":33}},"loc":{"start":{"line":6,"column":2},"end":{"line":9,"column":4}}},"1":{"name":"(anonymous_1)","decl":{"start":{"line":7,"column":9},"end":{"line":7,"column":12}},"loc":{"start":{"line":7,"column":15},"end":{"line":7,"column":35}}},"2":{"name":"(anonymous_2)","decl":{"start":{"line":8,"column":11},"end":{"line":8,"column":14}},"loc":{"start":{"line":8,"column":17},"end":{"line":8,"column":27}}}},"branchMap":{},"s":{"0":2,"1":2,"2":2,"3":0,"4":0,"5":0,"6":2},"f":{"0":0,"1":0,"2":0},"b":{}}
,"/home/vpashayan/Desktop/VTG/infraops-utils-container/infraops-utils/msinfraops-dev-apps/code/packages/utilities/src/paths/account-settings.ts": {"path":"/home/vpashayan/Desktop/VTG/infraops-utils-container/infraops-utils/msinfraops-dev-apps/code/packages/utilities/src/paths/account-settings.ts","statementMap":{"0":{"start":{"line":1,"column":13},"end":{"line":5,"column":11}}},"fnMap":{},"branchMap":{},"s":{"0":14},"f":{},"b":{}}
,"/home/vpashayan/Desktop/VTG/infraops-utils-container/infraops-utils/msinfraops-dev-apps/code/packages/utilities/src/paths/auth.ts": {"path":"/home/vpashayan/Desktop/VTG/infraops-utils-container/infraops-utils/msinfraops-dev-apps/code/packages/utilities/src/paths/auth.ts","statementMap":{"0":{"start":{"line":1,"column":13},"end":{"line":13,"column":11}}},"fnMap":{},"branchMap":{},"s":{"0":14},"f":{},"b":{}}
,"/home/vpashayan/Desktop/VTG/infraops-utils-container/infraops-utils/msinfraops-dev-apps/code/packages/utilities/src/paths/builder.ts": {"path":"/home/vpashayan/Desktop/VTG/infraops-utils-container/infraops-utils/msinfraops-dev-apps/code/packages/utilities/src/paths/builder.ts","statementMap":{"0":{"start":{"line":1,"column":13},"end":{"line":43,"column":11}}},"fnMap":{},"branchMap":{},"s":{"0":14},"f":{},"b":{}}
,"/home/vpashayan/Desktop/VTG/infraops-utils-container/infraops-utils/msinfraops-dev-apps/code/packages/utilities/src/paths/calendly-scheduling.ts": {"path":"/home/vpashayan/Desktop/VTG/infraops-utils-container/infraops-utils/msinfraops-dev-apps/code/packages/utilities/src/paths/calendly-scheduling.ts","statementMap":{"0":{"start":{"line":1,"column":13},"end":{"line":4,"column":11}}},"fnMap":{},"branchMap":{},"s":{"0":14},"f":{},"b":{}}
,"/home/vpashayan/Desktop/VTG/infraops-utils-container/infraops-utils/msinfraops-dev-apps/code/packages/utilities/src/paths/dashboard.ts": {"path":"/home/vpashayan/Desktop/VTG/infraops-utils-container/infraops-utils/msinfraops-dev-apps/code/packages/utilities/src/paths/dashboard.ts","statementMap":{"0":{"start":{"line":1,"column":13},"end":{"line":3,"column":11}}},"fnMap":{},"branchMap":{},"s":{"0":14},"f":{},"b":{}}
,"/home/vpashayan/Desktop/VTG/infraops-utils-container/infraops-utils/msinfraops-dev-apps/code/packages/utilities/src/paths/discounts.ts": {"path":"/home/vpashayan/Desktop/VTG/infraops-utils-container/infraops-utils/msinfraops-dev-apps/code/packages/utilities/src/paths/discounts.ts","statementMap":{"0":{"start":{"line":1,"column":13},"end":{"line":3,"column":13}}},"fnMap":{},"branchMap":{},"s":{"0":14},"f":{},"b":{}}
,"/home/vpashayan/Desktop/VTG/infraops-utils-container/infraops-utils/msinfraops-dev-apps/code/packages/utilities/src/paths/guides-v2.ts": {"path":"/home/vpashayan/Desktop/VTG/infraops-utils-container/infraops-utils/msinfraops-dev-apps/code/packages/utilities/src/paths/guides-v2.ts","statementMap":{"0":{"start":{"line":1,"column":13},"end":{"line":5,"column":11}}},"fnMap":{},"branchMap":{},"s":{"0":14},"f":{},"b":{}}
,"/home/vpashayan/Desktop/VTG/infraops-utils-container/infraops-utils/msinfraops-dev-apps/code/packages/utilities/src/paths/guides.ts": {"path":"/home/vpashayan/Desktop/VTG/infraops-utils-container/infraops-utils/msinfraops-dev-apps/code/packages/utilities/src/paths/guides.ts","statementMap":{"0":{"start":{"line":1,"column":13},"end":{"line":13,"column":11}}},"fnMap":{},"branchMap":{},"s":{"0":14},"f":{},"b":{}}
,"/home/vpashayan/Desktop/VTG/infraops-utils-container/infraops-utils/msinfraops-dev-apps/code/packages/utilities/src/paths/index.ts": {"path":"/home/vpashayan/Desktop/VTG/infraops-utils-container/infraops-utils/msinfraops-dev-apps/code/packages/utilities/src/paths/index.ts","statementMap":{"0":{"start":{"line":1,"column":0},"end":{"line":1,"column":91}},"1":{"start":{"line":2,"column":0},"end":{"line":2,"column":60}},"2":{"start":{"line":3,"column":0},"end":{"line":3,"column":36}},"3":{"start":{"line":4,"column":0},"end":{"line":4,"column":42}},"4":{"start":{"line":5,"column":0},"end":{"line":5,"column":66}},"5":{"start":{"line":6,"column":0},"end":{"line":6,"column":46}},"6":{"start":{"line":7,"column":0},"end":{"line":7,"column":46}},"7":{"start":{"line":8,"column":0},"end":{"line":8,"column":40}},"8":{"start":{"line":9,"column":0},"end":{"line":9,"column":46}},"9":{"start":{"line":10,"column":0},"end":{"line":10,"column":46}},"10":{"start":{"line":11,"column":0},"end":{"line":11,"column":50}},"11":{"start":{"line":12,"column":0},"end":{"line":12,"column":46}},"12":{"start":{"line":13,"column":0},"end":{"line":13,"column":56}},"13":{"start":{"line":14,"column":0},"end":{"line":14,"column":64}},"14":{"start":{"line":15,"column":0},"end":{"line":15,"column":34}},"15":{"start":{"line":16,"column":0},"end":{"line":16,"column":56}},"16":{"start":{"line":18,"column":13},"end":{"line":34,"column":2}}},"fnMap":{},"branchMap":{},"s":{"0":14,"1":14,"2":14,"3":14,"4":14,"5":14,"6":14,"7":14,"8":14,"9":14,"10":14,"11":14,"12":14,"13":14,"14":14,"15":14,"16":14},"f":{},"b":{}}
,"/home/vpashayan/Desktop/VTG/infraops-utils-container/infraops-utils/msinfraops-dev-apps/code/packages/utilities/src/paths/indicator.ts": {"path":"/home/vpashayan/Desktop/VTG/infraops-utils-container/infraops-utils/msinfraops-dev-apps/code/packages/utilities/src/paths/indicator.ts","statementMap":{"0":{"start":{"line":1,"column":13},"end":{"line":12,"column":11}}},"fnMap":{},"branchMap":{},"s":{"0":14},"f":{},"b":{}}
,"/home/vpashayan/Desktop/VTG/infraops-utils-container/infraops-utils/msinfraops-dev-apps/code/packages/utilities/src/paths/int-pricing.ts": {"path":"/home/vpashayan/Desktop/VTG/infraops-utils-container/infraops-utils/msinfraops-dev-apps/code/packages/utilities/src/paths/int-pricing.ts","statementMap":{"0":{"start":{"line":1,"column":13},"end":{"line":3,"column":11}}},"fnMap":{},"branchMap":{},"s":{"0":14},"f":{},"b":{}}
,"/home/vpashayan/Desktop/VTG/infraops-utils-container/infraops-utils/msinfraops-dev-apps/code/packages/utilities/src/paths/int-promo.ts": {"path":"/home/vpashayan/Desktop/VTG/infraops-utils-container/infraops-utils/msinfraops-dev-apps/code/packages/utilities/src/paths/int-promo.ts","statementMap":{"0":{"start":{"line":1,"column":13},"end":{"line":5,"column":11}}},"fnMap":{},"branchMap":{},"s":{"0":14},"f":{},"b":{}}
,"/home/vpashayan/Desktop/VTG/infraops-utils-container/infraops-utils/msinfraops-dev-apps/code/packages/utilities/src/paths/int-scheduling.ts": {"path":"/home/vpashayan/Desktop/VTG/infraops-utils-container/infraops-utils/msinfraops-dev-apps/code/packages/utilities/src/paths/int-scheduling.ts","statementMap":{"0":{"start":{"line":1,"column":13},"end":{"line":7,"column":11}}},"fnMap":{},"branchMap":{},"s":{"0":14},"f":{},"b":{}}
,"/home/vpashayan/Desktop/VTG/infraops-utils-container/infraops-utils/msinfraops-dev-apps/code/packages/utilities/src/paths/mirror-reflections.ts": {"path":"/home/vpashayan/Desktop/VTG/infraops-utils-container/infraops-utils/msinfraops-dev-apps/code/packages/utilities/src/paths/mirror-reflections.ts","statementMap":{"0":{"start":{"line":1,"column":13},"end":{"line":7,"column":11}}},"fnMap":{},"branchMap":{},"s":{"0":14},"f":{},"b":{}}
,"/home/vpashayan/Desktop/VTG/infraops-utils-container/infraops-utils/msinfraops-dev-apps/code/packages/utilities/src/paths/mwi.ts": {"path":"/home/vpashayan/Desktop/VTG/infraops-utils-container/infraops-utils/msinfraops-dev-apps/code/packages/utilities/src/paths/mwi.ts","statementMap":{"0":{"start":{"line":1,"column":13},"end":{"line":8,"column":11}}},"fnMap":{},"branchMap":{},"s":{"0":14},"f":{},"b":{}}
,"/home/vpashayan/Desktop/VTG/infraops-utils-container/infraops-utils/msinfraops-dev-apps/code/packages/utilities/src/paths/taxamo-payment.ts": {"path":"/home/vpashayan/Desktop/VTG/infraops-utils-container/infraops-utils/msinfraops-dev-apps/code/packages/utilities/src/paths/taxamo-payment.ts","statementMap":{"0":{"start":{"line":1,"column":13},"end":{"line":3,"column":11}}},"fnMap":{},"branchMap":{},"s":{"0":14},"f":{},"b":{}}
,"/home/vpashayan/Desktop/VTG/infraops-utils-container/infraops-utils/msinfraops-dev-apps/code/packages/utilities/src/product/flowEnums.ts": {"path":"/home/vpashayan/Desktop/VTG/infraops-utils-container/infraops-utils/msinfraops-dev-apps/code/packages/utilities/src/product/flowEnums.ts","statementMap":{"0":{"start":{"line":1,"column":0},"end":{"line":1,"column":null}},"1":{"start":{"line":2,"column":2},"end":{"line":2,"column":null}},"2":{"start":{"line":3,"column":2},"end":{"line":3,"column":null}},"3":{"start":{"line":4,"column":2},"end":{"line":4,"column":null}},"4":{"start":{"line":5,"column":2},"end":{"line":5,"column":null}},"5":{"start":{"line":6,"column":2},"end":{"line":6,"column":null}}},"fnMap":{"0":{"name":"(anonymous_0)","decl":{"start":{"line":1,"column":0},"end":{"line":1,"column":12}},"loc":{"start":{"line":1,"column":35},"end":{"line":7,"column":1}}}},"branchMap":{"0":{"loc":{"start":{"line":1,"column":12},"end":{"line":1,"column":null}},"type":"binary-expr","locations":[{"start":{"line":1,"column":12},"end":{"line":1,"column":35}},{"start":{"line":1,"column":35},"end":{"line":1,"column":null}}]}},"s":{"0":3,"1":3,"2":3,"3":3,"4":3,"5":3},"f":{"0":3},"b":{"0":[3,3]}}
,"/home/vpashayan/Desktop/VTG/infraops-utils-container/infraops-utils/msinfraops-dev-apps/code/packages/utilities/src/product/fpOptionToEffect.ts": {"path":"/home/vpashayan/Desktop/VTG/infraops-utils-container/infraops-utils/msinfraops-dev-apps/code/packages/utilities/src/product/fpOptionToEffect.ts","statementMap":{"0":{"start":{"line":1,"column":0},"end":{"line":1,"column":34}},"1":{"start":{"line":2,"column":0},"end":{"line":2,"column":36}},"2":{"start":{"line":4,"column":32},"end":{"line":4,"column":116}},"3":{"start":{"line":4,"column":71},"end":{"line":4,"column":115}},"4":{"start":{"line":4,"column":13},"end":{"line":4,"column":32}}},"fnMap":{"0":{"name":"(anonymous_6)","decl":{"start":{"line":4,"column":32},"end":{"line":4,"column":36}},"loc":{"start":{"line":4,"column":71},"end":{"line":4,"column":115}}}},"branchMap":{"0":{"loc":{"start":{"line":4,"column":71},"end":{"line":4,"column":115}},"type":"cond-expr","locations":[{"start":{"line":4,"column":86},"end":{"line":4,"column":103}},{"start":{"line":4,"column":106},"end":{"line":4,"column":115}}]}},"s":{"0":8,"1":8,"2":8,"3":0,"4":8},"f":{"0":0},"b":{"0":[0,0]}}
,"/home/vpashayan/Desktop/VTG/infraops-utils-container/infraops-utils/msinfraops-dev-apps/code/packages/utilities/src/product/index.ts": {"path":"/home/vpashayan/Desktop/VTG/infraops-utils-container/infraops-utils/msinfraops-dev-apps/code/packages/utilities/src/product/index.ts","statementMap":{"0":{"start":{"line":1,"column":0},"end":{"line":1,"column":9}},"1":{"start":{"line":1,"column":9},"end":{"line":1,"column":47}},"2":{"start":{"line":1,"column":47},"end":{"line":1,"column":87}},"3":{"start":{"line":1,"column":87},"end":{"line":1,"column":178}},"4":{"start":{"line":2,"column":0},"end":{"line":2,"column":9}},"5":{"start":{"line":2,"column":9},"end":{"line":2,"column":82}},"6":{"start":{"line":3,"column":0},"end":{"line":3,"column":9}},"7":{"start":{"line":3,"column":9},"end":{"line":3,"column":86}},"8":{"start":{"line":4,"column":0},"end":{"line":4,"column":9}},"9":{"start":{"line":4,"column":9},"end":{"line":4,"column":98}},"10":{"start":{"line":5,"column":0},"end":{"line":5,"column":9}},"11":{"start":{"line":5,"column":9},"end":{"line":5,"column":24}},"12":{"start":{"line":5,"column":24},"end":{"line":5,"column":67}},"13":{"start":{"line":6,"column":0},"end":{"line":6,"column":9}},"14":{"start":{"line":6,"column":9},"end":{"line":6,"column":57}},"15":{"start":{"line":7,"column":0},"end":{"line":7,"column":9}},"16":{"start":{"line":7,"column":9},"end":{"line":7,"column":65}},"17":{"start":{"line":8,"column":0},"end":{"line":8,"column":9}},"18":{"start":{"line":8,"column":9},"end":{"line":8,"column":58}},"19":{"start":{"line":9,"column":0},"end":{"line":9,"column":9}},"20":{"start":{"line":9,"column":9},"end":{"line":9,"column":54}},"21":{"start":{"line":10,"column":0},"end":{"line":10,"column":9}},"22":{"start":{"line":10,"column":9},"end":{"line":10,"column":54}},"23":{"start":{"line":12,"column":0},"end":{"line":12,"column":24}},"24":{"start":{"line":12,"column":24},"end":{"line":12,"column":42}},"25":{"start":{"line":12,"column":42},"end":{"line":12,"column":71}},"26":{"start":{"line":12,"column":71},"end":{"line":12,"column":102}},"27":{"start":{"line":12,"column":102},"end":{"line":12,"column":124}},"28":{"start":{"line":12,"column":124},"end":{"line":12,"column":167}},"29":{"start":{"line":13,"column":0},"end":{"line":13,"column":9}},"30":{"start":{"line":13,"column":9},"end":{"line":13,"column":105}},"31":{"start":{"line":15,"column":0},"end":{"line":15,"column":29}}},"fnMap":{"0":{"name":"(anonymous_4)","decl":{"start":{"line":1,"column":9},"end":{"line":1,"column":45}},"loc":{"start":{"line":1,"column":9},"end":{"line":1,"column":47}}},"1":{"name":"(anonymous_5)","decl":{"start":{"line":1,"column":47},"end":{"line":1,"column":85}},"loc":{"start":{"line":1,"column":47},"end":{"line":1,"column":87}}},"2":{"name":"(anonymous_6)","decl":{"start":{"line":1,"column":87},"end":{"line":1,"column":121}},"loc":{"start":{"line":1,"column":87},"end":{"line":1,"column":178}}},"3":{"name":"(anonymous_7)","decl":{"start":{"line":2,"column":9},"end":{"line":2,"column":32}},"loc":{"start":{"line":2,"column":9},"end":{"line":2,"column":82}}},"4":{"name":"(anonymous_8)","decl":{"start":{"line":3,"column":9},"end":{"line":3,"column":39}},"loc":{"start":{"line":3,"column":9},"end":{"line":3,"column":86}}},"5":{"name":"(anonymous_9)","decl":{"start":{"line":4,"column":9},"end":{"line":4,"column":35}},"loc":{"start":{"line":4,"column":9},"end":{"line":4,"column":98}}},"6":{"name":"(anonymous_10)","decl":{"start":{"line":5,"column":9},"end":{"line":5,"column":22}},"loc":{"start":{"line":5,"column":9},"end":{"line":5,"column":24}}},"7":{"name":"(anonymous_11)","decl":{"start":{"line":5,"column":24},"end":{"line":5,"column":34}},"loc":{"start":{"line":5,"column":24},"end":{"line":5,"column":67}}},"8":{"name":"(anonymous_12)","decl":{"start":{"line":6,"column":9},"end":{"line":6,"column":23}},"loc":{"start":{"line":6,"column":9},"end":{"line":6,"column":57}}},"9":{"name":"(anonymous_13)","decl":{"start":{"line":7,"column":9},"end":{"line":7,"column":23}},"loc":{"start":{"line":7,"column":9},"end":{"line":7,"column":65}}},"10":{"name":"(anonymous_14)","decl":{"start":{"line":8,"column":9},"end":{"line":8,"column":27}},"loc":{"start":{"line":8,"column":9},"end":{"line":8,"column":58}}},"11":{"name":"(anonymous_15)","decl":{"start":{"line":9,"column":9},"end":{"line":9,"column":25}},"loc":{"start":{"line":9,"column":9},"end":{"line":9,"column":54}}},"12":{"name":"(anonymous_16)","decl":{"start":{"line":10,"column":9},"end":{"line":10,"column":32}},"loc":{"start":{"line":10,"column":9},"end":{"line":10,"column":54}}},"13":{"name":"(anonymous_17)","decl":{"start":{"line":12,"column":24},"end":{"line":12,"column":40}},"loc":{"start":{"line":12,"column":24},"end":{"line":12,"column":42}}},"14":{"name":"(anonymous_18)","decl":{"start":{"line":12,"column":42},"end":{"line":12,"column":69}},"loc":{"start":{"line":12,"column":42},"end":{"line":12,"column":71}}},"15":{"name":"(anonymous_19)","decl":{"start":{"line":12,"column":71},"end":{"line":12,"column":100}},"loc":{"start":{"line":12,"column":71},"end":{"line":12,"column":102}}},"16":{"name":"(anonymous_20)","decl":{"start":{"line":12,"column":102},"end":{"line":12,"column":122}},"loc":{"start":{"line":12,"column":102},"end":{"line":12,"column":124}}},"17":{"name":"(anonymous_21)","decl":{"start":{"line":12,"column":124},"end":{"line":12,"column":143}},"loc":{"start":{"line":12,"column":124},"end":{"line":12,"column":167}}},"18":{"name":"(anonymous_22)","decl":{"start":{"line":13,"column":9},"end":{"line":13,"column":44}},"loc":{"start":{"line":13,"column":9},"end":{"line":13,"column":105}}}},"branchMap":{},"s":{"0":3,"1":3,"2":3,"3":3,"4":3,"5":7,"6":3,"7":4,"8":3,"9":3,"10":3,"11":3,"12":3,"13":3,"14":3,"15":3,"16":3,"17":3,"18":3,"19":3,"20":3,"21":3,"22":3,"23":3,"24":3,"25":3,"26":6,"27":3,"28":3,"29":3,"30":3,"31":3},"f":{"0":0,"1":0,"2":0,"3":4,"4":1,"5":0,"6":0,"7":0,"8":0,"9":0,"10":0,"11":0,"12":0,"13":0,"14":0,"15":3,"16":0,"17":0,"18":0},"b":{}}
,"/home/vpashayan/Desktop/VTG/infraops-utils-container/infraops-utils/msinfraops-dev-apps/code/packages/utilities/src/product/taskEitherToEffect.ts": {"path":"/home/vpashayan/Desktop/VTG/infraops-utils-container/infraops-utils/msinfraops-dev-apps/code/packages/utilities/src/product/taskEitherToEffect.ts","statementMap":{"0":{"start":{"line":1,"column":0},"end":{"line":1,"column":32}},"1":{"start":{"line":3,"column":0},"end":{"line":3,"column":43}},"2":{"start":{"line":5,"column":34},"end":{"line":8,"column":4}},"3":{"start":{"line":6,"column":2},"end":{"line":8,"column":4}},"4":{"start":{"line":7,"column":4},"end":{"line":7,"column":109}},"5":{"start":{"line":7,"column":26},"end":{"line":7,"column":106}},"6":{"start":{"line":5,"column":13},"end":{"line":5,"column":34}}},"fnMap":{"0":{"name":"(anonymous_0)","decl":{"start":{"line":5,"column":34},"end":{"line":5,"column":41}},"loc":{"start":{"line":6,"column":2},"end":{"line":8,"column":4}}},"1":{"name":"(anonymous_1)","decl":{"start":{"line":6,"column":15},"end":{"line":6,"column":16}},"loc":{"start":{"line":6,"column":26},"end":{"line":8,"column":3}}},"2":{"name":"(anonymous_2)","decl":{"start":{"line":7,"column":16},"end":{"line":7,"column":17}},"loc":{"start":{"line":7,"column":26},"end":{"line":7,"column":106}}}},"branchMap":{"0":{"loc":{"start":{"line":7,"column":26},"end":{"line":7,"column":106}},"type":"cond-expr","locations":[{"start":{"line":7,"column":41},"end":{"line":7,"column":74}},{"start":{"line":7,"column":77},"end":{"line":7,"column":106}}]}},"s":{"0":3,"1":3,"2":3,"3":0,"4":0,"5":0,"6":3},"f":{"0":0,"1":0,"2":0},"b":{"0":[0,0]}}
,"/home/vpashayan/Desktop/VTG/infraops-utils-container/infraops-utils/msinfraops-dev-apps/code/packages/utilities/src/product/modalTriggers/checkCountryUpdatedDate.ts": {"path":"/home/vpashayan/Desktop/VTG/infraops-utils-container/infraops-utils/msinfraops-dev-apps/code/packages/utilities/src/product/modalTriggers/checkCountryUpdatedDate.ts","statementMap":{"0":{"start":{"line":2,"column":64},"end":{"line":12,"column":1}},"1":{"start":{"line":3,"column":2},"end":{"line":3,"column":30}},"2":{"start":{"line":3,"column":18},"end":{"line":3,"column":30}},"3":{"start":{"line":4,"column":2},"end":{"line":11,"column":3}},"4":{"start":{"line":5,"column":19},"end":{"line":5,"column":45}},"5":{"start":{"line":6,"column":16},"end":{"line":6,"column":36}},"6":{"start":{"line":7,"column":23},"end":{"line":7,"column":33}},"7":{"start":{"line":8,"column":4},"end":{"line":8,"column":32}},"8":{"start":{"line":10,"column":4},"end":{"line":10,"column":16}},"9":{"start":{"line":2,"column":13},"end":{"line":2,"column":64}}},"fnMap":{"0":{"name":"(anonymous_0)","decl":{"start":{"line":2,"column":64},"end":{"line":2,"column":65}},"loc":{"start":{"line":2,"column":79},"end":{"line":12,"column":1}}}},"branchMap":{"0":{"loc":{"start":{"line":3,"column":2},"end":{"line":3,"column":30}},"type":"if","locations":[{"start":{"line":3,"column":2},"end":{"line":3,"column":30}}]},"1":{"loc":{"start":{"line":4,"column":2},"end":{"line":11,"column":3}},"type":"if","locations":[{"start":{"line":4,"column":2},"end":{"line":11,"column":3}},{"start":{"line":9,"column":9},"end":{"line":11,"column":3}}]}},"s":{"0":3,"1":4,"2":1,"3":3,"4":2,"5":2,"6":2,"7":2,"8":1,"9":3},"f":{"0":4},"b":{"0":[1],"1":[2,1]}}
,"/home/vpashayan/Desktop/VTG/infraops-utils-container/infraops-utils/msinfraops-dev-apps/code/packages/utilities/src/product/modalTriggers/checkDemographicDate.ts": {"path":"/home/vpashayan/Desktop/VTG/infraops-utils-container/infraops-utils/msinfraops-dev-apps/code/packages/utilities/src/product/modalTriggers/checkDemographicDate.ts","statementMap":{"0":{"start":{"line":1,"column":0},"end":{"line":1,"column":49}},"1":{"start":{"line":2,"column":0},"end":{"line":2,"column":34}},"2":{"start":{"line":5,"column":51},"end":{"line":10,"column":1}},"3":{"start":{"line":6,"column":17},"end":{"line":6,"column":43}},"4":{"start":{"line":7,"column":14},"end":{"line":7,"column":34}},"5":{"start":{"line":8,"column":21},"end":{"line":8,"column":31}},"6":{"start":{"line":9,"column":2},"end":{"line":9,"column":30}},"7":{"start":{"line":12,"column":41},"end":{"line":12,"column":44}},"8":{"start":{"line":14,"column":46},"end":{"line":19,"column":1}},"9":{"start":{"line":15,"column":17},"end":{"line":15,"column":35}},"10":{"start":{"line":16,"column":15},"end":{"line":16,"column":26}},"11":{"start":{"line":17,"column":30},"end":{"line":17,"column":82}},"12":{"start":{"line":18,"column":2},"end":{"line":18,"column":85}},"13":{"start":{"line":14,"column":13},"end":{"line":14,"column":46}}},"fnMap":{"0":{"name":"(anonymous_6)","decl":{"start":{"line":5,"column":51},"end":{"line":5,"column":52}},"loc":{"start":{"line":5,"column":66},"end":{"line":10,"column":1}}},"1":{"name":"(anonymous_7)","decl":{"start":{"line":14,"column":46},"end":{"line":14,"column":58}},"loc":{"start":{"line":14,"column":60},"end":{"line":19,"column":1}}}},"branchMap":{"0":{"loc":{"start":{"line":17,"column":30},"end":{"line":17,"column":82}},"type":"cond-expr","locations":[{"start":{"line":17,"column":47},"end":{"line":17,"column":78}},{"start":{"line":17,"column":81},"end":{"line":17,"column":82}}]},"1":{"loc":{"start":{"line":17,"column":47},"end":{"line":17,"column":78}},"type":"binary-expr","locations":[{"start":{"line":17,"column":47},"end":{"line":17,"column":73}},{"start":{"line":17,"column":77},"end":{"line":17,"column":78}}]}},"s":{"0":9,"1":9,"2":9,"3":1,"4":1,"5":1,"6":1,"7":9,"8":9,"9":1,"10":1,"11":1,"12":1,"13":9},"f":{"0":1,"1":1},"b":{"0":[0,1],"1":[0,0]}}
,"/home/vpashayan/Desktop/VTG/infraops-utils-container/infraops-utils/msinfraops-dev-apps/code/packages/utilities/src/product/modalTriggers/userDataChecks.ts": {"path":"/home/vpashayan/Desktop/VTG/infraops-utils-container/infraops-utils/msinfraops-dev-apps/code/packages/utilities/src/product/modalTriggers/userDataChecks.ts","statementMap":{"0":{"start":{"line":1,"column":0},"end":{"line":1,"column":69}},"1":{"start":{"line":2,"column":0},"end":{"line":2,"column":34}},"2":{"start":{"line":3,"column":0},"end":{"line":3,"column":43}},"3":{"start":{"line":5,"column":0},"end":{"line":5,"column":36}},"4":{"start":{"line":6,"column":0},"end":{"line":6,"column":79}},"5":{"start":{"line":7,"column":0},"end":{"line":7,"column":111}},"6":{"start":{"line":8,"column":0},"end":{"line":8,"column":80}},"7":{"start":{"line":9,"column":0},"end":{"line":9,"column":78}},"8":{"start":{"line":10,"column":0},"end":{"line":10,"column":68}},"9":{"start":{"line":11,"column":0},"end":{"line":11,"column":68}},"10":{"start":{"line":12,"column":0},"end":{"line":12,"column":58}},"11":{"start":{"line":19,"column":52},"end":{"line":38,"column":1}},"12":{"start":{"line":20,"column":17},"end":{"line":20,"column":35}},"13":{"start":{"line":21,"column":2},"end":{"line":36,"column":3}},"14":{"start":{"line":22,"column":4},"end":{"line":34,"column":5}},"15":{"start":{"line":23,"column":6},"end":{"line":33,"column":8}},"16":{"start":{"line":26,"column":10},"end":{"line":31,"column":13}},"17":{"start":{"line":35,"column":4},"end":{"line":35,"column":16}},"18":{"start":{"line":37,"column":2},"end":{"line":37,"column":14}},"19":{"start":{"line":19,"column":13},"end":{"line":19,"column":52}},"20":{"start":{"line":40,"column":54},"end":{"line":59,"column":1}},"21":{"start":{"line":41,"column":17},"end":{"line":41,"column":35}},"22":{"start":{"line":42,"column":2},"end":{"line":57,"column":3}},"23":{"start":{"line":43,"column":4},"end":{"line":55,"column":5}},"24":{"start":{"line":44,"column":6},"end":{"line":54,"column":8}},"25":{"start":{"line":47,"column":10},"end":{"line":52,"column":13}},"26":{"start":{"line":56,"column":4},"end":{"line":56,"column":16}},"27":{"start":{"line":58,"column":2},"end":{"line":58,"column":14}},"28":{"start":{"line":40,"column":13},"end":{"line":40,"column":54}},"29":{"start":{"line":61,"column":50},"end":{"line":106,"column":1}},"30":{"start":{"line":62,"column":19},"end":{"line":62,"column":47}},"31":{"start":{"line":63,"column":2},"end":{"line":105,"column":3}},"32":{"start":{"line":64,"column":35},"end":{"line":64,"column":74}},"33":{"start":{"line":65,"column":33},"end":{"line":65,"column":70}},"34":{"start":{"line":66,"column":4},"end":{"line":102,"column":5}},"35":{"start":{"line":67,"column":6},"end":{"line":82,"column":8}},"36":{"start":{"line":70,"column":10},"end":{"line":75,"column":13}},"37":{"start":{"line":76,"column":10},"end":{"line":80,"column":11}},"38":{"start":{"line":77,"column":12},"end":{"line":77,"column":119}},"39":{"start":{"line":79,"column":12},"end":{"line":79,"column":154}},"40":{"start":{"line":83,"column":11},"end":{"line":102,"column":5}},"41":{"start":{"line":84,"column":6},"end":{"line":99,"column":8}},"42":{"start":{"line":87,"column":10},"end":{"line":92,"column":13}},"43":{"start":{"line":93,"column":10},"end":{"line":97,"column":11}},"44":{"start":{"line":94,"column":12},"end":{"line":94,"column":117}},"45":{"start":{"line":96,"column":12},"end":{"line":96,"column":152}},"46":{"start":{"line":101,"column":6},"end":{"line":101,"column":18}},"47":{"start":{"line":104,"column":4},"end":{"line":104,"column":16}},"48":{"start":{"line":61,"column":13},"end":{"line":61,"column":50}}},"fnMap":{"0":{"name":"(anonymous_6)","decl":{"start":{"line":19,"column":52},"end":{"line":19,"column":73}},"loc":{"start":{"line":19,"column":75},"end":{"line":38,"column":1}}},"1":{"name":"(anonymous_7)","decl":{"start":{"line":25,"column":17},"end":{"line":25,"column":20}},"loc":{"start":{"line":25,"column":22},"end":{"line":32,"column":9}}},"2":{"name":"(anonymous_8)","decl":{"start":{"line":40,"column":54},"end":{"line":40,"column":75}},"loc":{"start":{"line":40,"column":77},"end":{"line":59,"column":1}}},"3":{"name":"(anonymous_9)","decl":{"start":{"line":46,"column":17},"end":{"line":46,"column":20}},"loc":{"start":{"line":46,"column":22},"end":{"line":53,"column":9}}},"4":{"name":"(anonymous_10)","decl":{"start":{"line":61,"column":50},"end":{"line":61,"column":55}},"loc":{"start":{"line":61,"column":139},"end":{"line":106,"column":1}}},"5":{"name":"(anonymous_11)","decl":{"start":{"line":69,"column":17},"end":{"line":69,"column":20}},"loc":{"start":{"line":69,"column":22},"end":{"line":81,"column":9}}},"6":{"name":"(anonymous_12)","decl":{"start":{"line":86,"column":17},"end":{"line":86,"column":20}},"loc":{"start":{"line":86,"column":22},"end":{"line":98,"column":9}}}},"branchMap":{"0":{"loc":{"start":{"line":21,"column":2},"end":{"line":36,"column":3}},"type":"if","locations":[{"start":{"line":21,"column":2},"end":{"line":36,"column":3}}]},"1":{"loc":{"start":{"line":22,"column":4},"end":{"line":34,"column":5}},"type":"if","locations":[{"start":{"line":22,"column":4},"end":{"line":34,"column":5}}]},"2":{"loc":{"start":{"line":22,"column":8},"end":{"line":22,"column":161}},"type":"binary-expr","locations":[{"start":{"line":22,"column":9},"end":{"line":22,"column":30}},{"start":{"line":22,"column":34},"end":{"line":22,"column":67}},{"start":{"line":22,"column":73},"end":{"line":22,"column":94}},{"start":{"line":22,"column":98},"end":{"line":22,"column":160}}]},"3":{"loc":{"start":{"line":42,"column":2},"end":{"line":57,"column":3}},"type":"if","locations":[{"start":{"line":42,"column":2},"end":{"line":57,"column":3}}]},"4":{"loc":{"start":{"line":43,"column":4},"end":{"line":55,"column":5}},"type":"if","locations":[{"start":{"line":43,"column":4},"end":{"line":55,"column":5}}]},"5":{"loc":{"start":{"line":43,"column":8},"end":{"line":43,"column":99}},"type":"binary-expr","locations":[{"start":{"line":43,"column":8},"end":{"line":43,"column":29}},{"start":{"line":43,"column":33},"end":{"line":43,"column":60}},{"start":{"line":43,"column":64},"end":{"line":43,"column":99}}]},"6":{"loc":{"start":{"line":63,"column":2},"end":{"line":105,"column":3}},"type":"if","locations":[{"start":{"line":63,"column":2},"end":{"line":105,"column":3}},{"start":{"line":103,"column":9},"end":{"line":105,"column":3}}]},"7":{"loc":{"start":{"line":66,"column":4},"end":{"line":102,"column":5}},"type":"if","locations":[{"start":{"line":66,"column":4},"end":{"line":102,"column":5}},{"start":{"line":83,"column":11},"end":{"line":102,"column":5}}]},"8":{"loc":{"start":{"line":76,"column":10},"end":{"line":80,"column":11}},"type":"if","locations":[{"start":{"line":76,"column":10},"end":{"line":80,"column":11}},{"start":{"line":78,"column":17},"end":{"line":80,"column":11}}]},"9":{"loc":{"start":{"line":83,"column":11},"end":{"line":102,"column":5}},"type":"if","locations":[{"start":{"line":83,"column":11},"end":{"line":102,"column":5}},{"start":{"line":100,"column":11},"end":{"line":102,"column":5}}]},"10":{"loc":{"start":{"line":93,"column":10},"end":{"line":97,"column":11}},"type":"if","locations":[{"start":{"line":93,"column":10},"end":{"line":97,"column":11}},{"start":{"line":95,"column":17},"end":{"line":97,"column":11}}]}},"s":{"0":4,"1":4,"2":4,"3":4,"4":4,"5":4,"6":4,"7":4,"8":4,"9":4,"10":4,"11":4,"12":8,"13":8,"14":4,"15":3,"16":0,"17":1,"18":4,"19":4,"20":4,"21":0,"22":0,"23":0,"24":0,"25":0,"26":0,"27":0,"28":4,"29":4,"30":0,"31":0,"32":0,"33":0,"34":0,"35":0,"36":0,"37":0,"38":0,"39":0,"40":0,"41":0,"42":0,"43":0,"44":0,"45":0,"46":0,"47":0,"48":4},"f":{"0":8,"1":0,"2":0,"3":0,"4":0,"5":0,"6":0},"b":{"0":[4],"1":[3],"2":[4,4,2,2],"3":[0],"4":[0],"5":[0,0,0],"6":[0,0],"7":[0,0],"8":[0,0],"9":[0,0],"10":[0,0]}}
,"/home/vpashayan/Desktop/VTG/infraops-utils-container/infraops-utils/msinfraops-dev-apps/code/packages/utilities/src/product/navigations/featureFlagPairs.ts": {"path":"/home/vpashayan/Desktop/VTG/infraops-utils-container/infraops-utils/msinfraops-dev-apps/code/packages/utilities/src/product/navigations/featureFlagPairs.ts","statementMap":{"0":{"start":{"line":1,"column":0},"end":{"line":1,"column":70}},"1":{"start":{"line":3,"column":35},"end":{"line":7,"column":2}},"2":{"start":{"line":3,"column":87},"end":{"line":7,"column":2}},"3":{"start":{"line":3,"column":13},"end":{"line":3,"column":35}}},"fnMap":{"0":{"name":"(anonymous_0)","decl":{"start":{"line":3,"column":35},"end":{"line":3,"column":84}},"loc":{"start":{"line":3,"column":87},"end":{"line":7,"column":2}}}},"branchMap":{},"s":{"0":8,"1":8,"2":0,"3":8},"f":{"0":0},"b":{}}
,"/home/vpashayan/Desktop/VTG/infraops-utils-container/infraops-utils/msinfraops-dev-apps/code/packages/utilities/src/product/navigations/generateNavItemsList.ts": {"path":"/home/vpashayan/Desktop/VTG/infraops-utils-container/infraops-utils/msinfraops-dev-apps/code/packages/utilities/src/product/navigations/generateNavItemsList.ts","statementMap":{"0":{"start":{"line":1,"column":0},"end":{"line":1,"column":70}},"1":{"start":{"line":4,"column":13},"end":{"line":14,"column":2}},"2":{"start":{"line":16,"column":36},"end":{"line":26,"column":4}},"3":{"start":{"line":17,"column":2},"end":{"line":26,"column":4}},"4":{"start":{"line":18,"column":25},"end":{"line":18,"column":48}},"5":{"start":{"line":20,"column":4},"end":{"line":25,"column":6}},"6":{"start":{"line":16,"column":13},"end":{"line":16,"column":36}},"7":{"start":{"line":28,"column":23},"end":{"line":31,"column":1}},"8":{"start":{"line":29,"column":2},"end":{"line":29,"column":41}},"9":{"start":{"line":29,"column":20},"end":{"line":29,"column":41}},"10":{"start":{"line":30,"column":2},"end":{"line":30,"column":48}}},"fnMap":{"0":{"name":"(anonymous_0)","decl":{"start":{"line":16,"column":36},"end":{"line":16,"column":37}},"loc":{"start":{"line":17,"column":2},"end":{"line":26,"column":4}}},"1":{"name":"(anonymous_1)","decl":{"start":{"line":17,"column":16},"end":{"line":17,"column":17}},"loc":{"start":{"line":17,"column":44},"end":{"line":26,"column":3}}},"2":{"name":"(anonymous_2)","decl":{"start":{"line":28,"column":23},"end":{"line":28,"column":24}},"loc":{"start":{"line":28,"column":96},"end":{"line":31,"column":1}}}},"branchMap":{"0":{"loc":{"start":{"line":24,"column":23},"end":{"line":24,"column":54}},"type":"cond-expr","locations":[{"start":{"line":24,"column":38},"end":{"line":24,"column":42}},{"start":{"line":24,"column":45},"end":{"line":24,"column":54}}]},"1":{"loc":{"start":{"line":29,"column":2},"end":{"line":29,"column":41}},"type":"if","locations":[{"start":{"line":29,"column":2},"end":{"line":29,"column":41}}]},"2":{"loc":{"start":{"line":29,"column":27},"end":{"line":29,"column":40}},"type":"binary-expr","locations":[{"start":{"line":29,"column":27},"end":{"line":29,"column":33}},{"start":{"line":29,"column":37},"end":{"line":29,"column":40}}]},"3":{"loc":{"start":{"line":30,"column":19},"end":{"line":30,"column":45}},"type":"cond-expr","locations":[{"start":{"line":30,"column":28},"end":{"line":30,"column":40}},{"start":{"line":30,"column":43},"end":{"line":30,"column":45}}]}},"s":{"0":9,"1":9,"2":9,"3":4,"4":20,"5":20,"6":9,"7":9,"8":20,"9":4,"10":16},"f":{"0":4,"1":20,"2":20},"b":{"0":[4,16],"1":[4],"2":[4,3],"3":[7,9]}}
,"/home/vpashayan/Desktop/VTG/infraops-utils-container/infraops-utils/msinfraops-dev-apps/code/packages/utilities/src/product/navigations/index.ts": {"path":"/home/vpashayan/Desktop/VTG/infraops-utils-container/infraops-utils/msinfraops-dev-apps/code/packages/utilities/src/product/navigations/index.ts","statementMap":{"0":{"start":{"line":1,"column":0},"end":{"line":1,"column":9}},"1":{"start":{"line":1,"column":9},"end":{"line":1,"column":69}},"2":{"start":{"line":3,"column":0},"end":{"line":3,"column":9}},"3":{"start":{"line":3,"column":9},"end":{"line":3,"column":38}},"4":{"start":{"line":3,"column":38},"end":{"line":3,"column":101}},"5":{"start":{"line":4,"column":0},"end":{"line":4,"column":9}},"6":{"start":{"line":4,"column":9},"end":{"line":4,"column":62}},"7":{"start":{"line":5,"column":0},"end":{"line":5,"column":9}},"8":{"start":{"line":5,"column":9},"end":{"line":5,"column":57}}},"fnMap":{"0":{"name":"(anonymous_0)","decl":{"start":{"line":1,"column":9},"end":{"line":1,"column":25}},"loc":{"start":{"line":1,"column":9},"end":{"line":1,"column":69}}},"1":{"name":"(anonymous_1)","decl":{"start":{"line":3,"column":9},"end":{"line":3,"column":36}},"loc":{"start":{"line":3,"column":9},"end":{"line":3,"column":38}}},"2":{"name":"(anonymous_2)","decl":{"start":{"line":3,"column":38},"end":{"line":3,"column":67}},"loc":{"start":{"line":3,"column":38},"end":{"line":3,"column":101}}},"3":{"name":"(anonymous_3)","decl":{"start":{"line":4,"column":9},"end":{"line":4,"column":29}},"loc":{"start":{"line":4,"column":9},"end":{"line":4,"column":62}}},"4":{"name":"(anonymous_4)","decl":{"start":{"line":5,"column":9},"end":{"line":5,"column":28}},"loc":{"start":{"line":5,"column":9},"end":{"line":5,"column":57}}}},"branchMap":{},"s":{"0":8,"1":8,"2":8,"3":8,"4":13,"5":8,"6":8,"7":8,"8":8},"f":{"0":0,"1":0,"2":5,"3":0,"4":0},"b":{}}
,"/home/vpashayan/Desktop/VTG/infraops-utils-container/infraops-utils/msinfraops-dev-apps/code/packages/utilities/src/product/navigations/navigation-bar/filterByAppList.ts": {"path":"/home/vpashayan/Desktop/VTG/infraops-utils-container/infraops-utils/msinfraops-dev-apps/code/packages/utilities/src/product/navigations/navigation-bar/filterByAppList.ts","statementMap":{"0":{"start":{"line":3,"column":39},"end":{"line":7,"column":1}},"1":{"start":{"line":4,"column":2},"end":{"line":4,"column":52}},"2":{"start":{"line":4,"column":42},"end":{"line":4,"column":52}},"3":{"start":{"line":6,"column":2},"end":{"line":6,"column":82}},"4":{"start":{"line":6,"column":39},"end":{"line":6,"column":80}},"5":{"start":{"line":6,"column":61},"end":{"line":6,"column":79}},"6":{"start":{"line":3,"column":13},"end":{"line":3,"column":39}}},"fnMap":{"0":{"name":"(anonymous_0)","decl":{"start":{"line":3,"column":39},"end":{"line":3,"column":40}},"loc":{"start":{"line":3,"column":107},"end":{"line":7,"column":1}}},"1":{"name":"(anonymous_1)","decl":{"start":{"line":6,"column":25},"end":{"line":6,"column":26}},"loc":{"start":{"line":6,"column":39},"end":{"line":6,"column":80}}},"2":{"name":"(anonymous_2)","decl":{"start":{"line":6,"column":52},"end":{"line":6,"column":53}},"loc":{"start":{"line":6,"column":61},"end":{"line":6,"column":79}}}},"branchMap":{"0":{"loc":{"start":{"line":4,"column":2},"end":{"line":4,"column":52}},"type":"if","locations":[{"start":{"line":4,"column":2},"end":{"line":4,"column":52}}]},"1":{"loc":{"start":{"line":4,"column":6},"end":{"line":4,"column":40}},"type":"binary-expr","locations":[{"start":{"line":4,"column":6},"end":{"line":4,"column":21}},{"start":{"line":4,"column":25},"end":{"line":4,"column":40}}]}},"s":{"0":9,"1":6,"2":2,"3":4,"4":16,"5":19,"6":9},"f":{"0":6,"1":16,"2":19},"b":{"0":[2],"1":[6,5]}}
,"/home/vpashayan/Desktop/VTG/infraops-utils-container/infraops-utils/msinfraops-dev-apps/code/packages/utilities/src/product/navigations/navigation-bar/filterByFeatureFlag.ts": {"path":"/home/vpashayan/Desktop/VTG/infraops-utils-container/infraops-utils/msinfraops-dev-apps/code/packages/utilities/src/product/navigations/navigation-bar/filterByFeatureFlag.ts","statementMap":{"0":{"start":{"line":2,"column":0},"end":{"line":2,"column":58}},"1":{"start":{"line":4,"column":43},"end":{"line":12,"column":1}},"2":{"start":{"line":5,"column":23},"end":{"line":7,"column":28}},"3":{"start":{"line":6,"column":27},"end":{"line":6,"column":35}},"4":{"start":{"line":7,"column":23},"end":{"line":7,"column":27}},"5":{"start":{"line":9,"column":2},"end":{"line":9,"column":44}},"6":{"start":{"line":9,"column":28},"end":{"line":9,"column":44}},"7":{"start":{"line":11,"column":2},"end":{"line":11,"column":90}},"8":{"start":{"line":11,"column":39},"end":{"line":11,"column":88}},"9":{"start":{"line":11,"column":68},"end":{"line":11,"column":87}},"10":{"start":{"line":4,"column":13},"end":{"line":4,"column":43}}},"fnMap":{"0":{"name":"(anonymous_0)","decl":{"start":{"line":4,"column":43},"end":{"line":4,"column":44}},"loc":{"start":{"line":4,"column":80},"end":{"line":12,"column":1}}},"1":{"name":"(anonymous_1)","decl":{"start":{"line":6,"column":12},"end":{"line":6,"column":13}},"loc":{"start":{"line":6,"column":27},"end":{"line":6,"column":35}}},"2":{"name":"(anonymous_2)","decl":{"start":{"line":7,"column":9},"end":{"line":7,"column":10}},"loc":{"start":{"line":7,"column":23},"end":{"line":7,"column":27}}},"3":{"name":"(anonymous_3)","decl":{"start":{"line":11,"column":25},"end":{"line":11,"column":26}},"loc":{"start":{"line":11,"column":39},"end":{"line":11,"column":88}}},"4":{"name":"(anonymous_4)","decl":{"start":{"line":11,"column":58},"end":{"line":11,"column":59}},"loc":{"start":{"line":11,"column":68},"end":{"line":11,"column":87}}}},"branchMap":{"0":{"loc":{"start":{"line":9,"column":2},"end":{"line":9,"column":44}},"type":"if","locations":[{"start":{"line":9,"column":2},"end":{"line":9,"column":44}}]}},"s":{"0":9,"1":9,"2":4,"3":7,"4":3,"5":4,"6":2,"7":2,"8":8,"9":11,"10":9},"f":{"0":4,"1":7,"2":3,"3":8,"4":11},"b":{"0":[2]}}
,"/home/vpashayan/Desktop/VTG/infraops-utils-container/infraops-utils/msinfraops-dev-apps/code/packages/utilities/src/product/navigations/navigation-bar/filterByUserType.ts": {"path":"/home/vpashayan/Desktop/VTG/infraops-utils-container/infraops-utils/msinfraops-dev-apps/code/packages/utilities/src/product/navigations/navigation-bar/filterByUserType.ts","statementMap":{"0":{"start":{"line":1,"column":0},"end":{"line":1,"column":41}},"1":{"start":{"line":2,"column":0},"end":{"line":2,"column":58}},"2":{"start":{"line":5,"column":72},"end":{"line":7,"column":2}},"3":{"start":{"line":9,"column":40},"end":{"line":18,"column":1}},"4":{"start":{"line":10,"column":23},"end":{"line":12,"column":48}},"5":{"start":{"line":11,"column":19},"end":{"line":11,"column":35}},"6":{"start":{"line":12,"column":22},"end":{"line":12,"column":47}},"7":{"start":{"line":14,"column":26},"end":{"line":14,"column":97}},"8":{"start":{"line":14,"column":65},"end":{"line":14,"column":95}},"9":{"start":{"line":15,"column":23},"end":{"line":15,"column":43}},"10":{"start":{"line":17,"column":2},"end":{"line":17,"column":92}},"11":{"start":{"line":17,"column":39},"end":{"line":17,"column":90}},"12":{"start":{"line":17,"column":68},"end":{"line":17,"column":89}},"13":{"start":{"line":9,"column":13},"end":{"line":9,"column":40}}},"fnMap":{"0":{"name":"(anonymous_0)","decl":{"start":{"line":9,"column":40},"end":{"line":9,"column":41}},"loc":{"start":{"line":9,"column":100},"end":{"line":18,"column":1}}},"1":{"name":"(anonymous_1)","decl":{"start":{"line":11,"column":9},"end":{"line":11,"column":10}},"loc":{"start":{"line":11,"column":19},"end":{"line":11,"column":35}}},"2":{"name":"(anonymous_2)","decl":{"start":{"line":12,"column":12},"end":{"line":12,"column":13}},"loc":{"start":{"line":12,"column":22},"end":{"line":12,"column":47}}},"3":{"name":"(anonymous_3)","decl":{"start":{"line":14,"column":55},"end":{"line":14,"column":56}},"loc":{"start":{"line":14,"column":65},"end":{"line":14,"column":95}}},"4":{"name":"(anonymous_4)","decl":{"start":{"line":17,"column":25},"end":{"line":17,"column":26}},"loc":{"start":{"line":17,"column":39},"end":{"line":17,"column":90}}},"5":{"name":"(anonymous_5)","decl":{"start":{"line":17,"column":58},"end":{"line":17,"column":59}},"loc":{"start":{"line":17,"column":68},"end":{"line":17,"column":89}}}},"branchMap":{"0":{"loc":{"start":{"line":14,"column":65},"end":{"line":14,"column":95}},"type":"binary-expr","locations":[{"start":{"line":14,"column":65},"end":{"line":14,"column":89}},{"start":{"line":14,"column":93},"end":{"line":14,"column":95}}]}},"s":{"0":9,"1":9,"2":9,"3":9,"4":4,"5":4,"6":4,"7":4,"8":3,"9":4,"10":4,"11":13,"12":9,"13":9},"f":{"0":4,"1":4,"2":4,"3":3,"4":13,"5":9},"b":{"0":[3,0]}}
,"/home/vpashayan/Desktop/VTG/infraops-utils-container/infraops-utils/msinfraops-dev-apps/code/packages/utilities/src/product/navigations/navigation-bar/validateNavItems.ts": {"path":"/home/vpashayan/Desktop/VTG/infraops-utils-container/infraops-utils/msinfraops-dev-apps/code/packages/utilities/src/product/navigations/navigation-bar/validateNavItems.ts","statementMap":{"0":{"start":{"line":1,"column":0},"end":{"line":1,"column":49}},"1":{"start":{"line":2,"column":0},"end":{"line":2,"column":38}},"2":{"start":{"line":3,"column":0},"end":{"line":3,"column":50}},"3":{"start":{"line":5,"column":0},"end":{"line":5,"column":68}},"4":{"start":{"line":6,"column":0},"end":{"line":6,"column":62}},"5":{"start":{"line":7,"column":0},"end":{"line":7,"column":60}},"6":{"start":{"line":9,"column":32},"end":{"line":26,"column":1}},"7":{"start":{"line":10,"column":17},"end":{"line":10,"column":35}},"8":{"start":{"line":11,"column":15},"end":{"line":11,"column":26}},"9":{"start":{"line":12,"column":2},"end":{"line":12,"column":31}},"10":{"start":{"line":12,"column":21},"end":{"line":12,"column":31}},"11":{"start":{"line":14,"column":22},"end":{"line":14,"column":47}},"12":{"start":{"line":16,"column":2},"end":{"line":25,"column":4}},"13":{"start":{"line":20,"column":28},"end":{"line":20,"column":81}},"14":{"start":{"line":21,"column":28},"end":{"line":21,"column":78}},"15":{"start":{"line":22,"column":28},"end":{"line":22,"column":65}},"16":{"start":{"line":23,"column":28},"end":{"line":23,"column":68}},"17":{"start":{"line":9,"column":13},"end":{"line":9,"column":32}},"18":{"start":{"line":28,"column":25},"end":{"line":28,"column":118}},"19":{"start":{"line":28,"column":73},"end":{"line":28,"column":118}},"20":{"start":{"line":28,"column":97},"end":{"line":28,"column":117}},"21":{"start":{"line":30,"column":34},"end":{"line":30,"column":151}},"22":{"start":{"line":30,"column":91},"end":{"line":30,"column":151}},"23":{"start":{"line":30,"column":118},"end":{"line":30,"column":150}},"24":{"start":{"line":32,"column":27},"end":{"line":37,"column":1}},"25":{"start":{"line":33,"column":2},"end":{"line":35,"column":3}},"26":{"start":{"line":34,"column":4},"end":{"line":34,"column":43}},"27":{"start":{"line":36,"column":2},"end":{"line":36,"column":23}},"28":{"start":{"line":39,"column":33},"end":{"line":42,"column":1}},"29":{"start":{"line":40,"column":16},"end":{"line":40,"column":47}},"30":{"start":{"line":40,"column":40},"end":{"line":40,"column":46}},"31":{"start":{"line":41,"column":2},"end":{"line":41,"column":90}},"32":{"start":{"line":41,"column":43},"end":{"line":41,"column":88}}},"fnMap":{"0":{"name":"(anonymous_0)","decl":{"start":{"line":9,"column":32},"end":{"line":9,"column":33}},"loc":{"start":{"line":9,"column":69},"end":{"line":26,"column":1}}},"1":{"name":"(anonymous_1)","decl":{"start":{"line":20,"column":17},"end":{"line":20,"column":18}},"loc":{"start":{"line":20,"column":28},"end":{"line":20,"column":81}}},"2":{"name":"(anonymous_2)","decl":{"start":{"line":21,"column":17},"end":{"line":21,"column":18}},"loc":{"start":{"line":21,"column":28},"end":{"line":21,"column":78}}},"3":{"name":"(anonymous_3)","decl":{"start":{"line":22,"column":17},"end":{"line":22,"column":18}},"loc":{"start":{"line":22,"column":28},"end":{"line":22,"column":65}}},"4":{"name":"(anonymous_4)","decl":{"start":{"line":23,"column":17},"end":{"line":23,"column":18}},"loc":{"start":{"line":23,"column":28},"end":{"line":23,"column":68}}},"5":{"name":"(anonymous_5)","decl":{"start":{"line":28,"column":25},"end":{"line":28,"column":26}},"loc":{"start":{"line":28,"column":73},"end":{"line":28,"column":118}}},"6":{"name":"(anonymous_6)","decl":{"start":{"line":28,"column":87},"end":{"line":28,"column":88}},"loc":{"start":{"line":28,"column":97},"end":{"line":28,"column":117}}},"7":{"name":"(anonymous_7)","decl":{"start":{"line":30,"column":34},"end":{"line":30,"column":35}},"loc":{"start":{"line":30,"column":91},"end":{"line":30,"column":151}}},"8":{"name":"(anonymous_8)","decl":{"start":{"line":30,"column":105},"end":{"line":30,"column":106}},"loc":{"start":{"line":30,"column":118},"end":{"line":30,"column":150}}},"9":{"name":"(anonymous_9)","decl":{"start":{"line":32,"column":27},"end":{"line":32,"column":28}},"loc":{"start":{"line":32,"column":104},"end":{"line":37,"column":1}}},"10":{"name":"(anonymous_10)","decl":{"start":{"line":39,"column":33},"end":{"line":39,"column":34}},"loc":{"start":{"line":39,"column":101},"end":{"line":42,"column":1}}},"11":{"name":"(anonymous_11)","decl":{"start":{"line":40,"column":33},"end":{"line":40,"column":34}},"loc":{"start":{"line":40,"column":40},"end":{"line":40,"column":46}}},"12":{"name":"(anonymous_12)","decl":{"start":{"line":41,"column":33},"end":{"line":41,"column":34}},"loc":{"start":{"line":41,"column":43},"end":{"line":41,"column":88}}}},"branchMap":{"0":{"loc":{"start":{"line":12,"column":2},"end":{"line":12,"column":31}},"type":"if","locations":[{"start":{"line":12,"column":2},"end":{"line":12,"column":31}}]},"1":{"loc":{"start":{"line":33,"column":2},"end":{"line":35,"column":3}},"type":"if","locations":[{"start":{"line":33,"column":2},"end":{"line":35,"column":3}}]},"2":{"loc":{"start":{"line":33,"column":6},"end":{"line":33,"column":74}},"type":"binary-expr","locations":[{"start":{"line":33,"column":6},"end":{"line":33,"column":17}},{"start":{"line":33,"column":21},"end":{"line":33,"column":74}}]}},"s":{"0":9,"1":9,"2":9,"3":9,"4":9,"5":9,"6":9,"7":3,"8":3,"9":3,"10":1,"11":2,"12":2,"13":2,"14":2,"15":2,"16":2,"17":9,"18":9,"19":2,"20":2,"21":9,"22":2,"23":2,"24":9,"25":2,"26":0,"27":2,"28":9,"29":2,"30":4,"31":2,"32":2},"f":{"0":3,"1":2,"2":2,"3":2,"4":2,"5":2,"6":2,"7":2,"8":2,"9":2,"10":2,"11":4,"12":2},"b":{"0":[1],"1":[0],"2":[2,2]}}
,"/home/vpashayan/Desktop/VTG/infraops-utils-container/infraops-utils/msinfraops-dev-apps/code/packages/utilities/src/product/navigations/redirectionToMainPage/index.ts": {"path":"/home/vpashayan/Desktop/VTG/infraops-utils-container/infraops-utils/msinfraops-dev-apps/code/packages/utilities/src/product/navigations/redirectionToMainPage/index.ts","statementMap":{"0":{"start":{"line":1,"column":0},"end":{"line":1,"column":34}},"1":{"start":{"line":2,"column":0},"end":{"line":2,"column":87}},"2":{"start":{"line":3,"column":0},"end":{"line":3,"column":90}},"3":{"start":{"line":4,"column":0},"end":{"line":4,"column":39}},"4":{"start":{"line":5,"column":0},"end":{"line":5,"column":58}},"5":{"start":{"line":6,"column":0},"end":{"line":6,"column":61}},"6":{"start":{"line":8,"column":73},"end":{"line":11,"column":2}},"7":{"start":{"line":13,"column":43},"end":{"line":23,"column":1}},"8":{"start":{"line":14,"column":2},"end":{"line":22,"column":3}},"9":{"start":{"line":15,"column":4},"end":{"line":15,"column":36}},"10":{"start":{"line":17,"column":4},"end":{"line":21,"column":5}},"11":{"start":{"line":18,"column":6},"end":{"line":18,"column":50}},"12":{"start":{"line":20,"column":6},"end":{"line":20,"column":78}},"13":{"start":{"line":13,"column":13},"end":{"line":13,"column":43}},"14":{"start":{"line":25,"column":32},"end":{"line":31,"column":1}},"15":{"start":{"line":26,"column":2},"end":{"line":29,"column":3}},"16":{"start":{"line":27,"column":23},"end":{"line":27,"column":60}},"17":{"start":{"line":28,"column":4},"end":{"line":28,"column":68}},"18":{"start":{"line":30,"column":2},"end":{"line":30,"column":78}},"19":{"start":{"line":33,"column":45},"end":{"line":40,"column":1}},"20":{"start":{"line":34,"column":17},"end":{"line":34,"column":40}},"21":{"start":{"line":35,"column":2},"end":{"line":38,"column":3}},"22":{"start":{"line":36,"column":33},"end":{"line":36,"column":109}},"23":{"start":{"line":37,"column":4},"end":{"line":37,"column":92}},"24":{"start":{"line":39,"column":2},"end":{"line":39,"column":74}},"25":{"start":{"line":33,"column":13},"end":{"line":33,"column":45}},"26":{"start":{"line":42,"column":31},"end":{"line":45,"column":1}},"27":{"start":{"line":43,"column":27},"end":{"line":43,"column":86}},"28":{"start":{"line":44,"column":2},"end":{"line":44,"column":33}}},"fnMap":{"0":{"name":"(anonymous_6)","decl":{"start":{"line":13,"column":43},"end":{"line":13,"column":44}},"loc":{"start":{"line":13,"column":180},"end":{"line":23,"column":1}}},"1":{"name":"(anonymous_7)","decl":{"start":{"line":25,"column":32},"end":{"line":25,"column":33}},"loc":{"start":{"line":25,"column":113},"end":{"line":31,"column":1}}},"2":{"name":"(anonymous_8)","decl":{"start":{"line":33,"column":45},"end":{"line":33,"column":88}},"loc":{"start":{"line":33,"column":90},"end":{"line":40,"column":1}}},"3":{"name":"(anonymous_9)","decl":{"start":{"line":42,"column":31},"end":{"line":42,"column":32}},"loc":{"start":{"line":42,"column":56},"end":{"line":45,"column":1}}}},"branchMap":{"0":{"loc":{"start":{"line":14,"column":2},"end":{"line":22,"column":3}},"type":"if","locations":[{"start":{"line":14,"column":2},"end":{"line":22,"column":3}},{"start":{"line":16,"column":9},"end":{"line":22,"column":3}}]},"1":{"loc":{"start":{"line":17,"column":4},"end":{"line":21,"column":5}},"type":"if","locations":[{"start":{"line":17,"column":4},"end":{"line":21,"column":5}},{"start":{"line":19,"column":11},"end":{"line":21,"column":5}}]},"2":{"loc":{"start":{"line":26,"column":2},"end":{"line":29,"column":3}},"type":"if","locations":[{"start":{"line":26,"column":2},"end":{"line":29,"column":3}}]},"3":{"loc":{"start":{"line":35,"column":2},"end":{"line":38,"column":3}},"type":"if","locations":[{"start":{"line":35,"column":2},"end":{"line":38,"column":3}}]},"4":{"loc":{"start":{"line":43,"column":27},"end":{"line":43,"column":86}},"type":"cond-expr","locations":[{"start":{"line":43,"column":62},"end":{"line":43,"column":81}},{"start":{"line":43,"column":84},"end":{"line":43,"column":86}}]}},"s":{"0":9,"1":9,"2":9,"3":9,"4":9,"5":9,"6":9,"7":9,"8":6,"9":1,"10":5,"11":4,"12":1,"13":9,"14":9,"15":4,"16":2,"17":2,"18":2,"19":9,"20":5,"21":5,"22":3,"23":3,"24":2,"25":9,"26":9,"27":3,"28":3},"f":{"0":6,"1":4,"2":5,"3":3},"b":{"0":[1,5],"1":[4,1],"2":[2],"3":[3],"4":[2,1]}}
[...]
,"/home/vpashayan/Desktop/VTG/infraops-utils-container/infraops-utils/msinfraops-dev-apps/code/packages/utilities/src/shared/user/getUserData.ts": {"path":"/home/vpashayan/Desktop/VTG/infraops-utils-container/infraops-utils/msinfraops-dev-apps/code/packages/utilities/src/shared/user/getUserData.ts","statementMap":{"0":{"start":{"line":2,"column":0},"end":{"line":2,"column":42}},"1":{"start":{"line":3,"column":0},"end":{"line":3,"column":34}},"2":{"start":{"line":4,"column":0},"end":{"line":4,"column":44}},"3":{"start":{"line":7,"column":58},"end":{"line":13,"column":null}},"4":{"start":{"line":8,"column":2},"end":{"line":13,"column":null}},"5":{"start":{"line":11,"column":12},"end":{"line":11,"column":14}},"6":{"start":{"line":12,"column":16},"end":{"line":12,"column":29}},"7":{"start":{"line":7,"column":13},"end":{"line":7,"column":58}},"8":{"start":{"line":16,"column":54},"end":{"line":22,"column":null}},"9":{"start":{"line":17,"column":2},"end":{"line":22,"column":null}},"10":{"start":{"line":20,"column":12},"end":{"line":20,"column":14}},"11":{"start":{"line":21,"column":16},"end":{"line":21,"column":58}},"12":{"start":{"line":16,"column":13},"end":{"line":16,"column":54}},"13":{"start":{"line":25,"column":57},"end":{"line":31,"column":null}},"14":{"start":{"line":26,"column":2},"end":{"line":31,"column":null}},"15":{"start":{"line":29,"column":12},"end":{"line":29,"column":14}},"16":{"start":{"line":30,"column":16},"end":{"line":30,"column":34}},"17":{"start":{"line":25,"column":13},"end":{"line":25,"column":57}}},"fnMap":{"0":{"name":"(anonymous_6)","decl":{"start":{"line":7,"column":58},"end":{"line":7,"column":59}},"loc":{"start":{"line":8,"column":2},"end":{"line":13,"column":null}}},"1":{"name":"(anonymous_7)","decl":{"start":{"line":11,"column":6},"end":{"line":11,"column":9}},"loc":{"start":{"line":11,"column":12},"end":{"line":11,"column":14}}},"2":{"name":"(anonymous_8)","decl":{"start":{"line":12,"column":6},"end":{"line":12,"column":7}},"loc":{"start":{"line":12,"column":16},"end":{"line":12,"column":29}}},"3":{"name":"(anonymous_9)","decl":{"start":{"line":16,"column":54},"end":{"line":16,"column":55}},"loc":{"start":{"line":17,"column":2},"end":{"line":22,"column":null}}},"4":{"name":"(anonymous_10)","decl":{"start":{"line":20,"column":6},"end":{"line":20,"column":9}},"loc":{"start":{"line":20,"column":12},"end":{"line":20,"column":14}}},"5":{"name":"(anonymous_11)","decl":{"start":{"line":21,"column":6},"end":{"line":21,"column":7}},"loc":{"start":{"line":21,"column":16},"end":{"line":21,"column":58}}},"6":{"name":"(anonymous_12)","decl":{"start":{"line":25,"column":57},"end":{"line":25,"column":58}},"loc":{"start":{"line":26,"column":2},"end":{"line":31,"column":null}}},"7":{"name":"(anonymous_13)","decl":{"start":{"line":29,"column":6},"end":{"line":29,"column":9}},"loc":{"start":{"line":29,"column":12},"end":{"line":29,"column":14}}},"8":{"name":"(anonymous_14)","decl":{"start":{"line":30,"column":6},"end":{"line":30,"column":7}},"loc":{"start":{"line":30,"column":16},"end":{"line":30,"column":34}}}},"branchMap":{"0":{"loc":{"start":{"line":30,"column":16},"end":{"line":30,"column":34}},"type":"binary-expr","locations":[{"start":{"line":30,"column":16},"end":{"line":30,"column":28}},{"start":{"line":30,"column":32},"end":{"line":30,"column":34}}]}},"s":{"0":8,"1":8,"2":8,"3":8,"4":0,"5":0,"6":0,"7":8,"8":8,"9":0,"10":0,"11":0,"12":8,"13":8,"14":0,"15":0,"16":0,"17":8},"f":{"0":0,"1":0,"2":0,"3":0,"4":0,"5":0,"6":0,"7":0,"8":0},"b":{"0":[0,0]}}
,"/home/vpashayan/Desktop/VTG/infraops-utils-container/infraops-utils/msinfraops-dev-apps/code/packages/utilities/src/shared/user/getUserLocationData.ts": {"path":"/home/vpashayan/Desktop/VTG/infraops-utils-container/infraops-utils/msinfraops-dev-apps/code/packages/utilities/src/shared/user/getUserLocationData.ts","statementMap":{"0":{"start":{"line":1,"column":0},"end":{"line":1,"column":38}},"1":{"start":{"line":3,"column":25},"end":{"line":3,"column":43}},"2":{"start":{"line":27,"column":0},"end":{"line":27,"column":null}},"3":{"start":{"line":28,"column":2},"end":{"line":28,"column":null}},"4":{"start":{"line":29,"column":2},"end":{"line":29,"column":null}},"5":{"start":{"line":30,"column":2},"end":{"line":30,"column":null}},"6":{"start":{"line":31,"column":2},"end":{"line":31,"column":null}},"7":{"start":{"line":32,"column":2},"end":{"line":32,"column":null}},"8":{"start":{"line":33,"column":2},"end":{"line":33,"column":null}},"9":{"start":{"line":34,"column":2},"end":{"line":34,"column":null}},"10":{"start":{"line":35,"column":2},"end":{"line":35,"column":null}},"11":{"start":{"line":36,"column":2},"end":{"line":36,"column":null}},"12":{"start":{"line":37,"column":2},"end":{"line":37,"column":null}},"13":{"start":{"line":38,"column":2},"end":{"line":38,"column":null}},"14":{"start":{"line":39,"column":2},"end":{"line":39,"column":null}},"15":{"start":{"line":54,"column":56},"end":{"line":73,"column":1}},"16":{"start":{"line":55,"column":19},"end":{"line":55,"column":56}},"17":{"start":{"line":56,"column":21},"end":{"line":56,"column":40}},"18":{"start":{"line":58,"column":2},"end":{"line":72,"column":4}},"19":{"start":{"line":59,"column":22},"end":{"line":59,"column":52}},"20":{"start":{"line":61,"column":6},"end":{"line":70,"column":8}},"21":{"start":{"line":63,"column":22},"end":{"line":63,"column":38}},"22":{"start":{"line":64,"column":10},"end":{"line":64,"column":61}},"23":{"start":{"line":64,"column":23},"end":{"line":64,"column":61}},"24":{"start":{"line":65,"column":23},"end":{"line":65,"column":39}},"25":{"start":{"line":67,"column":10},"end":{"line":67,"column":22}},"26":{"start":{"line":69,"column":28},"end":{"line":69,"column":60}},"27":{"start":{"line":54,"column":13},"end":{"line":54,"column":56}},"28":{"start":{"line":75,"column":17},"end":{"line":81,"column":1}},"29":{"start":{"line":76,"column":14},"end":{"line":76,"column":31}},"30":{"start":{"line":77,"column":2},"end":{"line":79,"column":3}},"31":{"start":{"line":78,"column":4},"end":{"line":78,"column":57}},"32":{"start":{"line":80,"column":2},"end":{"line":80,"column":24}}},"fnMap":{"0":{"name":"(anonymous_0)","decl":{"start":{"line":27,"column":0},"end":{"line":27,"column":12}},"loc":{"start":{"line":27,"column":30},"end":{"line":40,"column":1}}},"1":{"name":"(anonymous_1)","decl":{"start":{"line":54,"column":56},"end":{"line":54,"column":87}},"loc":{"start":{"line":54,"column":140},"end":{"line":73,"column":1}}},"2":{"name":"(anonymous_2)","decl":{"start":{"line":59,"column":16},"end":{"line":59,"column":19}},"loc":{"start":{"line":59,"column":22},"end":{"line":59,"column":52}}},"3":{"name":"(anonymous_3)","decl":{"start":{"line":60,"column":19},"end":{"line":60,"column":20}},"loc":{"start":{"line":61,"column":6},"end":{"line":70,"column":8}}},"4":{"name":"(anonymous_4)","decl":{"start":{"line":62,"column":13},"end":{"line":62,"column":18}},"loc":{"start":{"line":62,"column":24},"end":{"line":68,"column":9}}},"5":{"name":"(anonymous_5)","decl":{"start":{"line":69,"column":15},"end":{"line":69,"column":16}},"loc":{"start":{"line":69,"column":28},"end":{"line":69,"column":60}}},"6":{"name":"(anonymous_6)","decl":{"start":{"line":75,"column":17},"end":{"line":75,"column":18}},"loc":{"start":{"line":75,"column":81},"end":{"line":81,"column":1}}}},"branchMap":{"0":{"loc":{"start":{"line":27,"column":12},"end":{"line":27,"column":null}},"type":"binary-expr","locations":[{"start":{"line":27,"column":12},"end":{"line":27,"column":30}},{"start":{"line":27,"column":30},"end":{"line":27,"column":null}}]},"1":{"loc":{"start":{"line":55,"column":19},"end":{"line":55,"column":56}},"type":"binary-expr","locations":[{"start":{"line":55,"column":19},"end":{"line":55,"column":36}},{"start":{"line":55,"column":40},"end":{"line":55,"column":56}}]},"2":{"loc":{"start":{"line":64,"column":10},"end":{"line":64,"column":61}},"type":"if","locations":[{"start":{"line":64,"column":10},"end":{"line":64,"column":61}}]},"3":{"loc":{"start":{"line":77,"column":2},"end":{"line":79,"column":3}},"type":"if","locations":[{"start":{"line":77,"column":2},"end":{"line":79,"column":3}}]}},"s":{"0":8,"1":8,"2":8,"3":8,"4":8,"5":8,"6":8,"7":8,"8":8,"9":8,"10":8,"11":8,"12":8,"13":8,"14":8,"15":8,"16":0,"17":0,"18":0,"19":0,"20":0,"21":0,"22":0,"23":0,"24":0,"25":0,"26":0,"27":8,"28":8,"29":0,"30":0,"31":0,"32":0},"f":{"0":8,"1":0,"2":0,"3":0,"4":0,"5":0,"6":0},"b":{"0":[8,8],"1":[0,0],"2":[0],"3":[0]}}
,"/home/vpashayan/Desktop/VTG/infraops-utils-container/infraops-utils/msinfraops-dev-apps/code/packages/utilities/src/shared/user/index.ts": {"path":"/home/vpashayan/Desktop/VTG/infraops-utils-container/infraops-utils/msinfraops-dev-apps/code/packages/utilities/src/shared/user/index.ts","statementMap":{"0":{"start":{"line":1,"column":0},"end":{"line":1,"column":9}},"1":{"start":{"line":1,"column":9},"end":{"line":1,"column":28}},"2":{"start":{"line":1,"column":28},"end":{"line":1,"column":46}},"3":{"start":{"line":1,"column":46},"end":{"line":1,"column":83}},"4":{"start":{"line":2,"column":0},"end":{"line":2,"column":9}},"5":{"start":{"line":2,"column":9},"end":{"line":2,"column":44}},"6":{"start":{"line":3,"column":0},"end":{"line":3,"column":9}},"7":{"start":{"line":3,"column":9},"end":{"line":3,"column":58}},"8":{"start":{"line":4,"column":0},"end":{"line":4,"column":9}},"9":{"start":{"line":4,"column":9},"end":{"line":4,"column":34}},"10":{"start":{"line":5,"column":0},"end":{"line":5,"column":9}},"11":{"start":{"line":5,"column":9},"end":{"line":5,"column":52}},"12":{"start":{"line":6,"column":0},"end":{"line":6,"column":9}},"13":{"start":{"line":6,"column":9},"end":{"line":6,"column":22}},"14":{"start":{"line":6,"column":22},"end":{"line":6,"column":62}},"15":{"start":{"line":7,"column":0},"end":{"line":7,"column":9}},"16":{"start":{"line":7,"column":9},"end":{"line":7,"column":58}},"17":{"start":{"line":8,"column":0},"end":{"line":8,"column":9}},"18":{"start":{"line":8,"column":9},"end":{"line":8,"column":30}},"19":{"start":{"line":8,"column":30},"end":{"line":8,"column":80}},"20":{"start":{"line":9,"column":0},"end":{"line":9,"column":9}},"21":{"start":{"line":9,"column":9},"end":{"line":9,"column":53}}},"fnMap":{"0":{"name":"(anonymous_0)","decl":{"start":{"line":1,"column":9},"end":{"line":1,"column":26}},"loc":{"start":{"line":1,"column":9},"end":{"line":1,"column":28}}},"1":{"name":"(anonymous_1)","decl":{"start":{"line":1,"column":28},"end":{"line":1,"column":44}},"loc":{"start":{"line":1,"column":28},"end":{"line":1,"column":46}}},"2":{"name":"(anonymous_2)","decl":{"start":{"line":1,"column":46},"end":{"line":1,"column":59}},"loc":{"start":{"line":1,"column":46},"end":{"line":1,"column":83}}},"3":{"name":"(anonymous_3)","decl":{"start":{"line":2,"column":9},"end":{"line":2,"column":20}},"loc":{"start":{"line":2,"column":9},"end":{"line":2,"column":44}}},"4":{"name":"(anonymous_4)","decl":{"start":{"line":3,"column":9},"end":{"line":3,"column":27}},"loc":{"start":{"line":3,"column":9},"end":{"line":3,"column":58}}},"5":{"name":"(anonymous_5)","decl":{"start":{"line":4,"column":9},"end":{"line":4,"column":15}},"loc":{"start":{"line":4,"column":9},"end":{"line":4,"column":34}}},"6":{"name":"(anonymous_6)","decl":{"start":{"line":5,"column":9},"end":{"line":5,"column":24}},"loc":{"start":{"line":5,"column":9},"end":{"line":5,"column":52}}},"7":{"name":"(anonymous_7)","decl":{"start":{"line":6,"column":9},"end":{"line":6,"column":20}},"loc":{"start":{"line":6,"column":9},"end":{"line":6,"column":22}}},"8":{"name":"(anonymous_8)","decl":{"start":{"line":6,"column":22},"end":{"line":6,"column":36}},"loc":{"start":{"line":6,"column":22},"end":{"line":6,"column":62}}},"9":{"name":"(anonymous_9)","decl":{"start":{"line":7,"column":9},"end":{"line":7,"column":27}},"loc":{"start":{"line":7,"column":9},"end":{"line":7,"column":58}}},"10":{"name":"(anonymous_10)","decl":{"start":{"line":8,"column":9},"end":{"line":8,"column":28}},"loc":{"start":{"line":8,"column":9},"end":{"line":8,"column":30}}},"11":{"name":"(anonymous_11)","decl":{"start":{"line":8,"column":30},"end":{"line":8,"column":48}},"loc":{"start":{"line":8,"column":30},"end":{"line":8,"column":80}}},"12":{"name":"(anonymous_12)","decl":{"start":{"line":9,"column":9},"end":{"line":9,"column":34}},"loc":{"start":{"line":9,"column":9},"end":{"line":9,"column":53}}}},"branchMap":{},"s":{"0":8,"1":8,"2":8,"3":8,"4":8,"5":8,"6":8,"7":8,"8":8,"9":8,"10":8,"11":8,"12":8,"13":8,"14":8,"15":8,"16":8,"17":8,"18":8,"19":8,"20":8,"21":8},"f":{"0":0,"1":0,"2":0,"3":0,"4":0,"5":0,"6":0,"7":0,"8":0,"9":0,"10":0,"11":0,"12":0},"b":{}}
,"/home/vpashayan/Desktop/VTG/infraops-utils-container/infraops-utils/msinfraops-dev-apps/code/packages/utilities/src/shared/user/isCountryAvailable.ts": {"path":"/home/vpashayan/Desktop/VTG/infraops-utils-container/infraops-utils/msinfraops-dev-apps/code/packages/utilities/src/shared/user/isCountryAvailable.ts","statementMap":{"0":{"start":{"line":1,"column":0},"end":{"line":1,"column":56}},"1":{"start":{"line":4,"column":54},"end":{"line":7,"column":1}},"2":{"start":{"line":5,"column":30},"end":{"line":5,"column":61}},"3":{"start":{"line":6,"column":2},"end":{"line":6,"column":93}},"4":{"start":{"line":6,"column":59},"end":{"line":6,"column":90}},"5":{"start":{"line":4,"column":13},"end":{"line":4,"column":54}}},"fnMap":{"0":{"name":"(anonymous_0)","decl":{"start":{"line":4,"column":54},"end":{"line":4,"column":59}},"loc":{"start":{"line":4,"column":76},"end":{"line":7,"column":1}}},"1":{"name":"(anonymous_1)","decl":{"start":{"line":6,"column":43},"end":{"line":6,"column":44}},"loc":{"start":{"line":6,"column":59},"end":{"line":6,"column":90}}}},"branchMap":{},"s":{"0":8,"1":8,"2":0,"3":0,"4":0,"5":8},"f":{"0":0,"1":0},"b":{}}
,"/home/vpashayan/Desktop/VTG/infraops-utils-container/infraops-utils/msinfraops-dev-apps/code/packages/utilities/src/shared/user/isFullyLoggedIn.ts": {"path":"/home/vpashayan/Desktop/VTG/infraops-utils-container/infraops-utils/msinfraops-dev-apps/code/packages/utilities/src/shared/user/isFullyLoggedIn.ts","statementMap":{"0":{"start":{"line":1,"column":0},"end":{"line":1,"column":34}},"1":{"start":{"line":2,"column":0},"end":{"line":2,"column":89}},"2":{"start":{"line":5,"column":48},"end":{"line":18,"column":1}},"3":{"start":{"line":6,"column":17},"end":{"line":6,"column":35}},"4":{"start":{"line":7,"column":2},"end":{"line":17,"column":3}},"5":{"start":{"line":8,"column":4},"end":{"line":8,"column":17}},"6":{"start":{"line":9,"column":9},"end":{"line":17,"column":3}},"7":{"start":{"line":10,"column":4},"end":{"line":10,"column":17}},"8":{"start":{"line":12,"column":4},"end":{"line":16,"column":5}},"9":{"start":{"line":13,"column":6},"end":{"line":13,"column":79}},"10":{"start":{"line":15,"column":6},"end":{"line":15,"column":95}},"11":{"start":{"line":5,"column":13},"end":{"line":5,"column":48}}},"fnMap":{"0":{"name":"(anonymous_6)","decl":{"start":{"line":5,"column":48},"end":{"line":5,"column":51}},"loc":{"start":{"line":5,"column":53},"end":{"line":18,"column":1}}}},"branchMap":{"0":{"loc":{"start":{"line":7,"column":2},"end":{"line":17,"column":3}},"type":"if","locations":[{"start":{"line":7,"column":2},"end":{"line":17,"column":3}},{"start":{"line":9,"column":9},"end":{"line":17,"column":3}}]},"1":{"loc":{"start":{"line":9,"column":9},"end":{"line":17,"column":3}},"type":"if","locations":[{"start":{"line":9,"column":9},"end":{"line":17,"column":3}},{"start":{"line":11,"column":9},"end":{"line":17,"column":3}}]},"2":{"loc":{"start":{"line":12,"column":4},"end":{"line":16,"column":5}},"type":"if","locations":[{"start":{"line":12,"column":4},"end":{"line":16,"column":5}},{"start":{"line":14,"column":11},"end":{"line":16,"column":5}}]}},"s":{"0":8,"1":8,"2":8,"3":0,"4":0,"5":0,"6":0,"7":0,"8":0,"9":0,"10":0,"11":8},"f":{"0":0},"b":{"0":[0,0],"1":[0,0],"2":[0,0]}}
,"/home/vpashayan/Desktop/VTG/infraops-utils-container/infraops-utils/msinfraops-dev-apps/code/packages/utilities/src/shared/user/logout.ts": {"path":"/home/vpashayan/Desktop/VTG/infraops-utils-container/infraops-utils/msinfraops-dev-apps/code/packages/utilities/src/shared/user/logout.ts","statementMap":{"0":{"start":{"line":1,"column":0},"end":{"line":1,"column":58}},"1":{"start":{"line":2,"column":0},"end":{"line":2,"column":122}},"2":{"start":{"line":3,"column":0},"end":{"line":3,"column":36}},"3":{"start":{"line":4,"column":0},"end":{"line":4,"column":45}},"4":{"start":{"line":5,"column":0},"end":{"line":5,"column":46}},"5":{"start":{"line":7,"column":30},"end":{"line":10,"column":1}},"6":{"start":{"line":8,"column":2},"end":{"line":8,"column":47}},"7":{"start":{"line":8,"column":21},"end":{"line":8,"column":47}},"8":{"start":{"line":9,"column":2},"end":{"line":9,"column":32}},"9":{"start":{"line":12,"column":41},"end":{"line":17,"column":1}},"10":{"start":{"line":13,"column":21},"end":{"line":13,"column":44}},"11":{"start":{"line":14,"column":2},"end":{"line":16,"column":4}},"12":{"start":{"line":15,"column":4},"end":{"line":15,"column":105}},"13":{"start":{"line":12,"column":13},"end":{"line":12,"column":41}},"14":{"start":{"line":19,"column":40},"end":{"line":22,"column":1}},"15":{"start":{"line":20,"column":2},"end":{"line":20,"column":27}},"16":{"start":{"line":21,"column":2},"end":{"line":21,"column":19}},"17":{"start":{"line":19,"column":13},"end":{"line":19,"column":40}},"18":{"start":{"line":24,"column":22},"end":{"line":32,"column":1}},"19":{"start":{"line":25,"column":13},"end":{"line":25,"column":33}},"20":{"start":{"line":26,"column":2},"end":{"line":26,"column":18}},"21":{"start":{"line":26,"column":11},"end":{"line":26,"column":18}},"22":{"start":{"line":28,"column":2},"end":{"line":28,"column":45}},"23":{"start":{"line":30,"column":2},"end":{"line":30,"column":12}},"24":{"start":{"line":31,"column":2},"end":{"line":31,"column":48}},"25":{"start":{"line":24,"column":13},"end":{"line":24,"column":22}}},"fnMap":{"0":{"name":"(anonymous_0)","decl":{"start":{"line":7,"column":30},"end":{"line":7,"column":33}},"loc":{"start":{"line":7,"column":35},"end":{"line":10,"column":1}}},"1":{"name":"(anonymous_1)","decl":{"start":{"line":12,"column":41},"end":{"line":12,"column":44}},"loc":{"start":{"line":12,"column":46},"end":{"line":17,"column":1}}},"2":{"name":"(anonymous_2)","decl":{"start":{"line":14,"column":9},"end":{"line":14,"column":12}},"loc":{"start":{"line":14,"column":14},"end":{"line":16,"column":3}}},"3":{"name":"(anonymous_3)","decl":{"start":{"line":19,"column":40},"end":{"line":19,"column":43}},"loc":{"start":{"line":19,"column":45},"end":{"line":22,"column":1}}},"4":{"name":"(anonymous_4)","decl":{"start":{"line":24,"column":22},"end":{"line":24,"column":27}},"loc":{"start":{"line":24,"column":33},"end":{"line":32,"column":1}}}},"branchMap":{"0":{"loc":{"start":{"line":8,"column":2},"end":{"line":8,"column":47}},"type":"if","locations":[{"start":{"line":8,"column":2},"end":{"line":8,"column":47}}]},"1":{"loc":{"start":{"line":26,"column":2},"end":{"line":26,"column":18}},"type":"if","locations":[{"start":{"line":26,"column":2},"end":{"line":26,"column":18}}]}},"s":{"0":8,"1":8,"2":8,"3":8,"4":8,"5":8,"6":0,"7":0,"8":0,"9":8,"10":0,"11":0,"12":0,"13":8,"14":8,"15":0,"16":0,"17":8,"18":8,"19":0,"20":0,"21":0,"22":0,"23":0,"24":0,"25":8},"f":{"0":0,"1":0,"2":0,"3":0,"4":0},"b":{"0":[0],"1":[0]}}
}
