TN:
SF:src/index.ts
FN:5,(anonymous_4)
FNF:1
FNH:0
FNDA:0,(anonymous_4)
DA:1,2
DA:2,2
DA:3,2
DA:4,2
DA:5,2
LF:5
LH:5
BRF:0
BRH:0
end_of_record
TN:
SF:src/analytics/helpers.ts
FN:4,(anonymous_0)
FNF:1
FNH:1
FNDA:9,(anonymous_0)
DA:1,3
DA:4,3
DA:5,9
DA:7,1
DA:9,1
DA:11,1
DA:13,1
DA:15,1
DA:17,1
DA:19,0
DA:21,1
DA:23,0
DA:25,1
DA:27,0
DA:29,0
DA:31,1
LF:16
LH:12
BRDA:5,0,0,1
BRDA:5,0,1,1
BRDA:5,0,2,1
BRDA:5,0,3,1
BRDA:5,0,4,1
BRDA:5,0,5,1
BRDA:5,0,6,0
BRDA:5,0,7,1
BRDA:5,0,8,0
BRDA:5,0,9,1
BRDA:5,0,10,0
BRDA:5,0,11,0
BRDA:5,0,12,1
BRF:13
BRH:9
end_of_record
TN:
SF:src/analytics/index.ts
FN:1,(anonymous_0)
FN:2,(anonymous_1)
FN:3,(anonymous_2)
FN:4,(anonymous_3)
FN:4,(anonymous_4)
FN:4,(anonymous_5)
FN:5,(anonymous_6)
FN:6,(anonymous_7)
FN:6,(anonymous_8)
FN:7,(anonymous_9)
FNF:10
FNH:0
FNDA:0,(anonymous_0)
FNDA:0,(anonymous_1)
FNDA:0,(anonymous_2)
FNDA:0,(anonymous_3)
FNDA:0,(anonymous_4)
FNDA:0,(anonymous_5)
FNDA:0,(anonymous_6)
FNDA:0,(anonymous_7)
FNDA:0,(anonymous_8)
FNDA:0,(anonymous_9)
DA:1,2
DA:2,2
DA:3,2
DA:4,2
DA:5,2
DA:6,2
DA:7,2
LF:7
LH:7
BRF:0
BRH:0
end_of_record
TN:
SF:src/analytics/initializeGA.ts
FN:2,(anonymous_0)
FN:13,(anonymous_1)
FN:15,gtag
FNF:3
FNH:0
FNDA:0,(anonymous_0)
FNDA:0,(anonymous_1)
FNDA:0,gtag
DA:2,2
DA:3,0
DA:4,0
DA:5,0
DA:8,0
DA:9,0
DA:10,0
DA:11,0
DA:13,0
DA:14,0
DA:16,0
DA:18,0
DA:19,0
LF:13
LH:1
BRDA:3,0,0,0
BRDA:14,1,0,0
BRDA:14,1,1,0
BRF:3
BRH:0
end_of_record
TN:
SF:src/analytics/initializeGTM.ts
FN:2,(anonymous_0)
FNF:1
FNH:0
FNDA:0,(anonymous_0)
DA:2,2
DA:3,0
DA:4,0
DA:5,0
DA:8,0
DA:9,0
DA:10,0
DA:14,0
DA:15,0
DA:16,0
DA:17,0
LF:11
LH:1
BRDA:3,0,0,0
BRDA:8,1,0,0
BRDA:9,2,0,0
BRDA:9,2,1,0
BRF:4
BRH:0
end_of_record
TN:
SF:src/analytics/initializePendo.ts
FN:7,(anonymous_6)
FN:29,(anonymous_7)
FN:30,(anonymous_8)
FNF:3
FNH:0
FNDA:0,(anonymous_6)
FNDA:0,(anonymous_7)
FNDA:0,(anonymous_8)
DA:2,2
DA:4,2
DA:7,2
DA:8,0
DA:9,0
DA:10,0
DA:13,0
DA:14,0
DA:15,0
DA:16,0
DA:17,0
DA:25,0
DA:29,2
DA:30,0
DA:31,0
DA:32,0
DA:33,0
DA:40,0
DA:42,0
LF:19
LH:4
BRDA:9,0,0,0
BRDA:31,1,0,0
BRDA:37,2,0,0
BRDA:37,2,1,0
BRF:4
BRH:0
end_of_record
TN:
SF:src/analytics/initializeVWOSmartcode.ts
FN:2,(anonymous_0)
FNF:1
FNH:0
FNDA:0,(anonymous_0)
DA:2,2
DA:3,0
DA:4,0
DA:5,0
DA:8,0
DA:9,0
DA:10,0
DA:13,0
DA:14,0
DA:15,0
DA:16,0
DA:17,0
DA:33,0
LF:13
LH:1
BRDA:3,0,0,0
BRDA:9,1,0,0
BRF:2
BRH:0
end_of_record
TN:
SF:src/analytics/pendoVisitorInit.ts
FN:4,(anonymous_6)
FNF:1
FNH:0
FNDA:0,(anonymous_6)
DA:1,2
DA:4,2
DA:5,0
DA:7,0
DA:9,0
DA:18,0
DA:19,0
LF:7
LH:2
BRDA:5,0,0,0
BRDA:9,1,0,0
BRDA:9,1,1,0
BRDA:18,2,0,0
BRDA:18,2,1,0
BRF:5
BRH:0
end_of_record
TN:
SF:src/analytics/gtm/allowPageView.ts
FN:7,(anonymous_0)
FN:12,(anonymous_1)
FNF:2
FNH:0
FNDA:0,(anonymous_0)
FNDA:0,(anonymous_1)
DA:1,2
DA:3,2
DA:5,2
DA:7,2
DA:8,0
DA:9,0
DA:12,2
LF:7
LH:5
BRDA:8,0,0,0
BRDA:12,1,0,0
BRDA:12,1,1,0
BRF:3
BRH:0
end_of_record
TN:
SF:src/analytics/gtm/triggers.ts
FN:3,(anonymous_0)
FN:10,(anonymous_1)
FN:31,(anonymous_2)
FN:43,(anonymous_3)
FN:48,(anonymous_4)
FNF:5
FNH:1
FNDA:2,(anonymous_0)
FNDA:0,(anonymous_1)
FNDA:0,(anonymous_2)
FNDA:0,(anonymous_3)
FNDA:0,(anonymous_4)
DA:1,2
DA:2,2
DA:3,2
DA:4,2
DA:5,2
DA:6,2
DA:10,2
DA:11,0
DA:31,2
DA:32,0
DA:33,0
DA:34,0
DA:43,2
DA:44,0
DA:48,2
DA:49,0
DA:50,0
DA:52,0
DA:53,0
LF:19
LH:10
BRDA:3,0,0,2
BRDA:3,0,1,2
BRDA:32,1,0,0
BRDA:32,1,1,0
BRDA:52,2,0,0
BRDA:52,2,1,0
BRDA:56,3,0,0
BRDA:56,3,1,0
BRF:8
BRH:2
end_of_record
TN:
SF:src/data/dataTransformation.tsx
FN:1,(anonymous_0)
FNF:1
FNH:0
FNDA:0,(anonymous_0)
DA:1,2
DA:2,0
DA:3,0
DA:6,0
DA:8,0
DA:9,0
DA:12,0
LF:7
LH:1
BRDA:2,0,0,0
BRDA:8,1,0,0
BRF:2
BRH:0
end_of_record
TN:
SF:src/data/index.ts
FN:1,(anonymous_0)
FN:2,(anonymous_1)
FNF:2
FNH:0
FNDA:0,(anonymous_0)
FNDA:0,(anonymous_1)
DA:1,2
DA:2,2
LF:2
LH:2
BRF:0
BRH:0
end_of_record
TN:
SF:src/data/parseJSONData.ts
FN:5,(anonymous_0)
FN:7,(anonymous_1)
FN:8,(anonymous_2)
FNF:3
FNH:0
FNDA:0,(anonymous_0)
FNDA:0,(anonymous_1)
FNDA:0,(anonymous_2)
DA:1,2
DA:3,2
DA:5,2
DA:6,0
DA:7,0
DA:8,0
LF:6
LH:3
BRF:0
BRH:0
end_of_record
TN:
SF:src/paths/account-settings.ts
FNF:0
FNH:0
DA:1,14
LF:1
LH:1
BRF:0
BRH:0
end_of_record
TN:
SF:src/paths/auth.ts
FNF:0
FNH:0
DA:1,14
LF:1
LH:1
BRF:0
BRH:0
end_of_record
TN:
SF:src/paths/builder.ts
FNF:0
FNH:0
DA:1,14
LF:1
LH:1
BRF:0
BRH:0
end_of_record
TN:
SF:src/paths/calendly-scheduling.ts
FNF:0
FNH:0
DA:1,14
LF:1
LH:1
BRF:0
BRH:0
end_of_record
TN:
SF:src/paths/dashboard.ts
FNF:0
FNH:0
DA:1,14
LF:1
LH:1
BRF:0
BRH:0
end_of_record
TN:
SF:src/paths/discounts.ts
FNF:0
FNH:0
DA:1,14
LF:1
LH:1
BRF:0
BRH:0
end_of_record
TN:
SF:src/paths/guides-v2.ts
FNF:0
FNH:0
DA:1,14
LF:1
LH:1
BRF:0
BRH:0
end_of_record
TN:
SF:src/paths/guides.ts
FNF:0
FNH:0
DA:1,14
LF:1
LH:1
BRF:0
BRH:0
end_of_record
TN:
SF:src/paths/index.ts
FNF:0
FNH:0
DA:1,14
DA:2,14
DA:3,14
DA:4,14
DA:5,14
DA:6,14
DA:7,14
DA:8,14
DA:9,14
DA:10,14
DA:11,14
DA:12,14
DA:13,14
DA:14,14
DA:15,14
DA:16,14
DA:18,14
LF:17
LH:17
BRF:0
BRH:0
end_of_record
TN:
SF:src/paths/indicator.ts
FNF:0
FNH:0
DA:1,14
LF:1
LH:1
BRF:0
BRH:0
end_of_record
TN:
SF:src/paths/int-pricing.ts
FNF:0
FNH:0
DA:1,14
LF:1
LH:1
BRF:0
BRH:0
end_of_record
TN:
SF:src/paths/int-promo.ts
FNF:0
FNH:0
DA:1,14
LF:1
LH:1
BRF:0
BRH:0
end_of_record
TN:
SF:src/paths/int-scheduling.ts
FNF:0
FNH:0
DA:1,14
LF:1
LH:1
BRF:0
BRH:0
end_of_record
TN:
SF:src/paths/mirror-reflections.ts
FNF:0
FNH:0
DA:1,14
LF:1
LH:1
BRF:0
BRH:0
end_of_record
TN:
SF:src/paths/mwi.ts
FNF:0
FNH:0
DA:1,14
LF:1
LH:1
BRF:0
BRH:0
end_of_record
TN:
SF:src/paths/taxamo-payment.ts
FNF:0
FNH:0
DA:1,14
LF:1
LH:1
BRF:0
BRH:0
end_of_record
TN:
SF:src/product/flowEnums.ts
FN:1,(anonymous_0)
FNF:1
FNH:1
FNDA:3,(anonymous_0)
DA:1,3
DA:2,3
DA:3,3
DA:4,3
DA:5,3
DA:6,3
LF:6
LH:6
BRDA:1,0,0,3
BRDA:1,0,1,3
BRF:2
BRH:2
end_of_record
TN:
SF:src/product/fpOptionToEffect.ts
FN:4,(anonymous_6)
FNF:1
FNH:0
FNDA:0,(anonymous_6)
DA:1,8
DA:2,8
DA:4,8
LF:3
LH:3
BRDA:4,0,0,0
BRDA:4,0,1,0
BRF:2
BRH:0
end_of_record
TN:
SF:src/product/index.ts
FN:1,(anonymous_4)
FN:1,(anonymous_5)
FN:1,(anonymous_6)
FN:2,(anonymous_7)
FN:3,(anonymous_8)
FN:4,(anonymous_9)
FN:5,(anonymous_10)
FN:5,(anonymous_11)
FN:6,(anonymous_12)
FN:7,(anonymous_13)
FN:8,(anonymous_14)
FN:9,(anonymous_15)
FN:10,(anonymous_16)
FN:12,(anonymous_17)
FN:12,(anonymous_18)
FN:12,(anonymous_19)
FN:12,(anonymous_20)
FN:12,(anonymous_21)
FN:13,(anonymous_22)
FNF:19
FNH:3
FNDA:0,(anonymous_4)
FNDA:0,(anonymous_5)
FNDA:0,(anonymous_6)
FNDA:4,(anonymous_7)
FNDA:1,(anonymous_8)
FNDA:0,(anonymous_9)
FNDA:0,(anonymous_10)
FNDA:0,(anonymous_11)
FNDA:0,(anonymous_12)
FNDA:0,(anonymous_13)
FNDA:0,(anonymous_14)
FNDA:0,(anonymous_15)
FNDA:0,(anonymous_16)
FNDA:0,(anonymous_17)
FNDA:0,(anonymous_18)
FNDA:3,(anonymous_19)
FNDA:0,(anonymous_20)
FNDA:0,(anonymous_21)
FNDA:0,(anonymous_22)
DA:1,3
DA:2,7
DA:3,4
DA:4,3
DA:5,3
DA:6,3
DA:7,3
DA:8,3
DA:9,3
DA:10,3
DA:12,6
DA:13,3
DA:15,3
LF:13
LH:13
BRF:0
BRH:0
end_of_record
TN:
SF:src/product/taskEitherToEffect.ts
FN:5,(anonymous_0)
FN:6,(anonymous_1)
FN:7,(anonymous_2)
FNF:3
FNH:0
FNDA:0,(anonymous_0)
FNDA:0,(anonymous_1)
FNDA:0,(anonymous_2)
DA:1,3
DA:3,3
DA:5,3
DA:6,0
DA:7,0
LF:5
LH:3
BRDA:7,0,0,0
BRDA:7,0,1,0
BRF:2
BRH:0
end_of_record
TN:
SF:src/product/modalTriggers/checkCountryUpdatedDate.ts
FN:2,(anonymous_0)
FNF:1
FNH:1
FNDA:4,(anonymous_0)
DA:2,3
DA:3,4
DA:4,3
DA:5,2
DA:6,2
DA:7,2
DA:8,2
DA:10,1
LF:8
LH:8
BRDA:3,0,0,1
BRDA:4,1,0,2
BRDA:4,1,1,1
BRF:3
BRH:3
end_of_record
TN:
SF:src/product/modalTriggers/checkDemographicDate.ts
FN:5,(anonymous_6)
FN:14,(anonymous_7)
FNF:2
FNH:2
FNDA:1,(anonymous_6)
FNDA:1,(anonymous_7)
DA:1,9
DA:2,9
DA:5,9
DA:6,1
DA:7,1
DA:8,1
DA:9,1
DA:12,9
DA:14,9
DA:15,1
DA:16,1
DA:17,1
DA:18,1
LF:13
LH:13
BRDA:17,0,0,0
BRDA:17,0,1,1
BRDA:17,1,0,0
BRDA:17,1,1,0
BRF:4
BRH:1
end_of_record
TN:
SF:src/product/modalTriggers/userDataChecks.ts
FN:19,(anonymous_6)
FN:25,(anonymous_7)
FN:40,(anonymous_8)
FN:46,(anonymous_9)
FN:61,(anonymous_10)
FN:69,(anonymous_11)
FN:86,(anonymous_12)
FNF:7
FNH:1
FNDA:8,(anonymous_6)
FNDA:0,(anonymous_7)
FNDA:0,(anonymous_8)
FNDA:0,(anonymous_9)
FNDA:0,(anonymous_10)
FNDA:0,(anonymous_11)
FNDA:0,(anonymous_12)
DA:1,4
DA:2,4
DA:3,4
DA:5,4
DA:6,4
DA:7,4
DA:8,4
DA:9,4
DA:10,4
DA:11,4
DA:12,4
DA:19,4
DA:20,8
DA:21,8
DA:22,4
DA:23,3
DA:26,0
DA:35,1
DA:37,4
DA:40,4
DA:41,0
DA:42,0
DA:43,0
DA:44,0
DA:47,0
DA:56,0
DA:58,0
DA:61,4
DA:62,0
DA:63,0
DA:64,0
DA:65,0
DA:66,0
DA:67,0
DA:70,0
DA:76,0
DA:77,0
DA:79,0
DA:83,0
DA:84,0
DA:87,0
DA:93,0
DA:94,0
DA:96,0
DA:101,0
DA:104,0
LF:46
LH:20
BRDA:21,0,0,4
BRDA:22,1,0,3
BRDA:22,2,0,4
BRDA:22,2,1,4
BRDA:22,2,2,2
BRDA:22,2,3,2
BRDA:42,3,0,0
BRDA:43,4,0,0
BRDA:43,5,0,0
BRDA:43,5,1,0
BRDA:43,5,2,0
BRDA:63,6,0,0
BRDA:63,6,1,0
BRDA:66,7,0,0
BRDA:66,7,1,0
BRDA:76,8,0,0
BRDA:76,8,1,0
BRDA:83,9,0,0
BRDA:83,9,1,0
BRDA:93,10,0,0
BRDA:93,10,1,0
BRF:21
BRH:6
end_of_record
TN:
SF:src/product/navigations/featureFlagPairs.ts
FN:3,(anonymous_0)
FNF:1
FNH:0
FNDA:0,(anonymous_0)
DA:1,8
DA:3,8
LF:2
LH:2
BRF:0
BRH:0
end_of_record
TN:
SF:src/product/navigations/generateNavItemsList.ts
FN:16,(anonymous_0)
FN:17,(anonymous_1)
FN:28,(anonymous_2)
FNF:3
FNH:3
FNDA:4,(anonymous_0)
FNDA:20,(anonymous_1)
FNDA:20,(anonymous_2)
DA:1,9
DA:4,9
DA:16,9
DA:17,4
DA:18,20
DA:20,20
DA:28,9
DA:29,20
DA:30,16
LF:9
LH:9
BRDA:24,0,0,4
BRDA:24,0,1,16
BRDA:29,1,0,4
BRDA:29,2,0,4
BRDA:29,2,1,3
BRDA:30,3,0,7
BRDA:30,3,1,9
BRF:7
BRH:7
end_of_record
TN:
SF:src/product/navigations/index.ts
FN:1,(anonymous_0)
FN:3,(anonymous_1)
FN:3,(anonymous_2)
FN:4,(anonymous_3)
FN:5,(anonymous_4)
FNF:5
FNH:1
FNDA:0,(anonymous_0)
FNDA:0,(anonymous_1)
FNDA:5,(anonymous_2)
FNDA:0,(anonymous_3)
FNDA:0,(anonymous_4)
DA:1,8
DA:3,13
DA:4,8
DA:5,8
LF:4
LH:4
BRF:0
BRH:0
end_of_record
TN:
SF:src/product/navigations/navigation-bar/filterByAppList.ts
FN:3,(anonymous_0)
FN:6,(anonymous_1)
FN:6,(anonymous_2)
FNF:3
FNH:3
FNDA:6,(anonymous_0)
FNDA:16,(anonymous_1)
FNDA:19,(anonymous_2)
DA:3,9
DA:4,6
DA:6,19
LF:3
LH:3
BRDA:4,0,0,2
BRDA:4,1,0,6
BRDA:4,1,1,5
BRF:3
BRH:3
end_of_record
TN:
SF:src/product/navigations/navigation-bar/filterByFeatureFlag.ts
FN:4,(anonymous_0)
FN:6,(anonymous_1)
FN:7,(anonymous_2)
FN:11,(anonymous_3)
FN:11,(anonymous_4)
FNF:5
FNH:5
FNDA:4,(anonymous_0)
FNDA:7,(anonymous_1)
FNDA:3,(anonymous_2)
FNDA:8,(anonymous_3)
FNDA:11,(anonymous_4)
DA:2,9
DA:4,9
DA:5,4
DA:6,7
DA:7,3
DA:9,4
DA:11,11
LF:7
LH:7
BRDA:9,0,0,2
BRF:1
BRH:1
end_of_record
TN:
SF:src/product/navigations/navigation-bar/filterByUserType.ts
FN:9,(anonymous_0)
FN:11,(anonymous_1)
FN:12,(anonymous_2)
FN:14,(anonymous_3)
FN:17,(anonymous_4)
FN:17,(anonymous_5)
FNF:6
FNH:6
FNDA:4,(anonymous_0)
FNDA:4,(anonymous_1)
FNDA:4,(anonymous_2)
FNDA:3,(anonymous_3)
FNDA:13,(anonymous_4)
FNDA:9,(anonymous_5)
DA:1,9
DA:2,9
DA:5,9
DA:9,9
DA:10,4
DA:11,4
DA:12,4
DA:14,4
DA:15,4
DA:17,13
LF:10
LH:10
BRDA:14,0,0,3
BRDA:14,0,1,0
BRF:2
BRH:1
end_of_record
TN:
SF:src/product/navigations/navigation-bar/validateNavItems.ts
FN:9,(anonymous_0)
FN:20,(anonymous_1)
FN:21,(anonymous_2)
FN:22,(anonymous_3)
FN:23,(anonymous_4)
FN:28,(anonymous_5)
FN:28,(anonymous_6)
FN:30,(anonymous_7)
FN:30,(anonymous_8)
FN:32,(anonymous_9)
FN:39,(anonymous_10)
FN:40,(anonymous_11)
FN:41,(anonymous_12)
FNF:13
FNH:13
FNDA:3,(anonymous_0)
FNDA:2,(anonymous_1)
FNDA:2,(anonymous_2)
FNDA:2,(anonymous_3)
FNDA:2,(anonymous_4)
FNDA:2,(anonymous_5)
FNDA:2,(anonymous_6)
FNDA:2,(anonymous_7)
FNDA:2,(anonymous_8)
FNDA:2,(anonymous_9)
FNDA:2,(anonymous_10)
FNDA:4,(anonymous_11)
FNDA:2,(anonymous_12)
DA:1,9
DA:2,9
DA:3,9
DA:5,9
DA:6,9
DA:7,9
DA:9,9
DA:10,3
DA:11,3
DA:12,3
DA:14,2
DA:16,2
DA:20,2
DA:21,2
DA:22,2
DA:23,2
DA:28,9
DA:30,9
DA:32,9
DA:33,2
DA:34,0
DA:36,2
DA:39,9
DA:40,4
DA:41,2
LF:25
LH:24
BRDA:12,0,0,1
BRDA:33,1,0,0
BRDA:33,2,0,2
BRDA:33,2,1,2
BRF:4
BRH:3
end_of_record
TN:
SF:src/product/navigations/redirectionToMainPage/index.ts
FN:13,(anonymous_6)
FN:25,(anonymous_7)
FN:33,(anonymous_8)
FN:42,(anonymous_9)
FNF:4
FNH:4
FNDA:6,(anonymous_6)
FNDA:4,(anonymous_7)
FNDA:5,(anonymous_8)
FNDA:3,(anonymous_9)
DA:1,9
DA:2,9
DA:3,9
DA:4,9
DA:5,9
DA:6,9
DA:8,9
DA:13,9
DA:14,6
DA:15,1
DA:17,5
DA:18,4
DA:20,1
DA:25,9
DA:26,4
DA:27,2
DA:28,2
DA:30,2
DA:33,9
DA:34,5
DA:35,5
DA:36,3
DA:37,3
DA:39,2
DA:42,9
DA:43,3
DA:44,3
LF:27
LH:27
BRDA:14,0,0,1
BRDA:14,0,1,5
BRDA:17,1,0,4
BRDA:17,1,1,1
BRDA:26,2,0,2
BRDA:35,3,0,3
BRDA:43,4,0,2
BRDA:43,4,1,1
BRF:8
BRH:8
end_of_record
TN:
SF:src/product/onboarding/getDirectionByProgress.ts
FN:14,(anonymous_6)
FNF:1
FNH:1
FNDA:11,(anonymous_6)
DA:1,8
DA:2,8
DA:3,8
DA:4,8
DA:5,8
DA:6,8
DA:7,8
DA:14,8
DA:15,11
DA:16,11
DA:17,11
DA:18,11
DA:20,11
DA:22,6
DA:23,6
DA:24,6
DA:26,1
DA:32,1
DA:35,1
DA:38,0
DA:41,1
DA:44,2
DA:47,0
DA:52,2
DA:54,1
DA:57,0
DA:60,1
DA:66,0
DA:69,0
DA:74,3
DA:76,0
DA:79,1
DA:88,1
DA:91,0
DA:94,1
DA:97,0
DA:100,0
DA:105,0
LF:38
LH:28
BRDA:15,0,0,0
BRDA:20,1,0,6
BRDA:20,1,1,2
BRDA:20,1,2,3
BRDA:20,1,3,0
BRDA:23,2,0,3
BRDA:23,2,1,3
BRDA:24,3,0,1
BRDA:24,3,1,1
BRDA:24,3,2,1
BRDA:24,3,3,0
BRDA:24,3,4,1
BRDA:24,3,5,2
BRDA:24,3,6,0
BRDA:52,4,0,1
BRDA:52,4,1,0
BRDA:52,4,2,1
BRDA:52,4,3,0
BRDA:52,4,4,0
BRDA:74,5,0,0
BRDA:74,5,1,1
BRDA:74,5,2,1
BRDA:74,5,3,0
BRDA:74,5,4,1
BRDA:74,5,5,0
BRDA:74,5,6,0
BRF:26
BRH:15
end_of_record
TN:
SF:src/product/onboarding/guard-checks.ts
FN:7,(anonymous_0)
FN:19,(anonymous_1)
FN:20,(anonymous_2)
FN:22,(anonymous_3)
FN:27,(anonymous_4)
FN:29,(anonymous_5)
FN:34,(anonymous_6)
FNF:7
FNH:3
FNDA:0,(anonymous_0)
FNDA:0,(anonymous_1)
FNDA:0,(anonymous_2)
FNDA:0,(anonymous_3)
FNDA:65,(anonymous_4)
FNDA:9,(anonymous_5)
FNDA:9,(anonymous_6)
DA:3,7
DA:4,7
DA:7,7
DA:8,0
DA:10,0
DA:12,0
DA:14,0
DA:17,7
DA:19,7
DA:20,0
DA:22,0
DA:24,0
DA:27,65
DA:29,9
DA:34,7
DA:35,9
DA:36,9
DA:38,8
LF:18
LH:11
BRDA:12,0,0,0
BRDA:20,1,0,0
BRDA:20,1,1,0
BRDA:24,2,0,0
BRDA:24,2,1,0
BRDA:27,3,0,60
BRDA:27,3,1,5
BRDA:36,4,0,1
BRDA:38,5,0,8
BRDA:38,5,1,7
BRF:10
BRH:5
end_of_record
TN:
SF:src/product/onboarding/index.ts
FN:2,(anonymous_4)
FN:2,(anonymous_5)
FN:3,(anonymous_6)
FN:3,(anonymous_7)
FN:4,(anonymous_8)
FN:4,(anonymous_9)
FNF:6
FNH:0
FNDA:0,(anonymous_4)
FNDA:0,(anonymous_5)
FNDA:0,(anonymous_6)
FNDA:0,(anonymous_7)
FNDA:0,(anonymous_8)
FNDA:0,(anonymous_9)
DA:1,3
DA:2,3
DA:3,3
DA:4,3
LF:4
LH:4
BRF:0
BRH:0
end_of_record
TN:
SF:src/product/onboarding/steps-order.ts
FNF:0
FNH:0
DA:1,6
DA:3,6
LF:2
LH:2
BRF:0
BRH:0
end_of_record
TN:
SF:src/product/onboarding/types.ts
FN:1,(anonymous_0)
FN:7,(anonymous_1)
FNF:2
FNH:2
FNDA:8,(anonymous_0)
FNDA:8,(anonymous_1)
DA:1,8
DA:2,8
DA:3,8
DA:4,8
DA:7,8
DA:8,8
DA:9,8
DA:10,8
DA:11,8
DA:12,8
DA:13,8
LF:11
LH:11
BRDA:1,0,0,8
BRDA:1,0,1,8
BRDA:7,1,0,8
BRDA:7,1,1,8
BRF:4
BRH:4
end_of_record
TN:
SF:src/product/onboarding/update-onboarding.ts
FN:9,(anonymous_0)
FN:15,(anonymous_1)
FN:21,(anonymous_2)
FN:29,(anonymous_3)
FNF:4
FNH:0
FNDA:0,(anonymous_0)
FNDA:0,(anonymous_1)
FNDA:0,(anonymous_2)
FNDA:0,(anonymous_3)
DA:1,3
DA:4,3
DA:5,3
DA:9,3
DA:10,0
DA:11,0
DA:12,0
DA:15,3
DA:16,0
DA:17,0
DA:18,0
DA:21,3
DA:22,0
DA:23,0
DA:25,0
DA:26,0
DA:29,3
DA:30,0
DA:31,0
DA:32,0
DA:34,0
LF:21
LH:7
BRDA:23,0,0,0
BRDA:30,1,0,0
BRDA:31,2,0,0
BRDA:31,2,1,0
BRF:4
BRH:0
end_of_record
TN:
SF:src/product/onboarding/utils.ts
FN:10,(anonymous_6)
FN:20,(anonymous_7)
FN:40,(anonymous_8)
FN:48,(anonymous_9)
FN:53,(anonymous_10)
FNF:5
FNH:4
FNDA:4,(anonymous_6)
FNDA:6,(anonymous_7)
FNDA:6,(anonymous_8)
FNDA:10,(anonymous_9)
FNDA:0,(anonymous_10)
DA:1,6
DA:2,6
DA:3,6
DA:6,6
DA:8,6
DA:10,6
DA:11,4
DA:13,4
DA:14,1
DA:17,3
DA:20,6
DA:21,6
DA:22,6
DA:24,4
DA:25,1
DA:28,3
DA:29,3
DA:31,3
DA:32,3
DA:34,2
DA:35,2
DA:37,1
DA:40,6
DA:41,6
DA:42,6
DA:43,4
DA:45,2
DA:48,6
DA:49,10
DA:50,10
DA:53,6
DA:54,0
DA:56,0
DA:57,0
DA:59,0
LF:35
LH:31
BRDA:13,0,0,1
BRDA:22,1,0,2
BRDA:24,2,0,1
BRDA:29,3,0,0
BRDA:32,4,0,1
BRDA:35,5,0,1
BRDA:42,6,0,4
BRDA:42,7,0,6
BRDA:42,7,1,5
BRDA:49,8,0,10
BRDA:49,8,1,1
BRDA:54,9,0,0
BRDA:57,10,0,0
BRF:13
BRH:10
end_of_record
TN:
SF:src/product/registration/getConceptBRegistrationRedirectLink.ts
FN:7,(anonymous_0)
FNF:1
FNH:1
FNDA:1,(anonymous_0)
DA:1,4
DA:3,4
DA:4,4
DA:5,4
DA:7,4
DA:8,1
DA:14,1
LF:7
LH:7
BRF:0
BRH:0
end_of_record
TN:
SF:src/product/survey/getQuestionsFromSurveyJson.ts
FN:18,(anonymous_0)
FN:22,(anonymous_1)
FN:22,(anonymous_2)
FN:23,(anonymous_3)
FN:23,(anonymous_4)
FN:23,(anonymous_5)
FNF:6
FNH:6
FNDA:3,(anonymous_0)
FNDA:1,(anonymous_1)
FNDA:1,(anonymous_2)
FNDA:2,(anonymous_3)
FNDA:2,(anonymous_4)
FNDA:4,(anonymous_5)
DA:1,4
DA:2,4
DA:3,4
DA:18,4
DA:19,3
DA:22,1
DA:23,4
LF:7
LH:7
BRDA:23,0,0,4
BRDA:23,0,1,2
BRF:2
BRH:2
end_of_record
TN:
SF:src/product/survey/getSurveyJson.ts
FN:3,(anonymous_0)
FN:8,(anonymous_1)
FN:10,(anonymous_2)
FN:16,(anonymous_3)
FNF:4
FNH:1
FNDA:4,(anonymous_0)
FNDA:0,(anonymous_1)
FNDA:0,(anonymous_2)
FNDA:0,(anonymous_3)
DA:1,4
DA:3,4
DA:4,4
DA:8,4
DA:9,0
DA:11,0
DA:12,0
DA:14,0
DA:16,0
LF:9
LH:4
BRDA:3,0,0,4
BRDA:3,0,1,4
BRF:2
BRH:2
end_of_record
TN:
SF:src/product/survey/surveyPageTabs.ts
FN:1,(anonymous_0)
FNF:1
FNH:1
FNDA:11,(anonymous_0)
DA:1,11
DA:2,11
DA:3,11
DA:4,11
DA:5,11
DA:6,11
DA:7,11
DA:8,11
LF:8
LH:8
BRDA:1,0,0,11
BRDA:1,0,1,11
BRF:2
BRH:2
end_of_record
TN:
SF:src/product/survey/tasks.ts
FN:11,(anonymous_0)
FN:14,(anonymous_1)
FN:22,(anonymous_2)
FN:25,(anonymous_3)
FN:25,(anonymous_4)
FN:26,(anonymous_5)
FNF:6
FNH:0
FNDA:0,(anonymous_0)
FNDA:0,(anonymous_1)
FNDA:0,(anonymous_2)
FNDA:0,(anonymous_3)
FNDA:0,(anonymous_4)
FNDA:0,(anonymous_5)
DA:1,3
DA:2,3
DA:3,3
DA:4,3
DA:11,3
DA:12,0
DA:15,0
DA:16,0
DA:17,0
DA:19,0
DA:20,0
DA:23,0
DA:25,0
DA:26,0
LF:14
LH:5
BRDA:15,0,0,0
BRF:1
BRH:0
end_of_record
TN:
SF:src/shared/index.ts
FNF:0
FNH:0
DA:1,8
DA:2,8
DA:3,8
DA:4,8
DA:5,8
DA:6,8
DA:7,8
DA:8,8
DA:9,8
LF:9
LH:9
BRF:0
BRH:0
end_of_record
TN:
SF:src/shared/UI/appBaseColors.ts
FNF:0
FNH:0
DA:4,11
LF:1
LH:1
BRF:0
BRH:0
end_of_record
TN:
SF:src/shared/UI/globalLoadingEvent.ts
FN:7,(anonymous_0)
FN:14,(anonymous_1)
FN:17,(anonymous_2)
FN:18,(anonymous_3)
FN:24,(anonymous_4)
FNF:5
FNH:5
FNDA:2,(anonymous_0)
FNDA:5,(anonymous_1)
FNDA:3,(anonymous_2)
FNDA:2,(anonymous_3)
FNDA:3,(anonymous_4)
DA:1,9
DA:2,9
DA:4,9
DA:7,9
DA:8,2
DA:9,2
DA:12,9
DA:14,9
DA:15,5
DA:17,5
DA:18,3
DA:19,2
DA:22,3
DA:24,3
DA:25,3
DA:29,5
LF:16
LH:16
BRF:0
BRH:0
end_of_record
TN:
SF:src/shared/UI/index.ts
FN:1,(anonymous_0)
FN:2,(anonymous_1)
FN:2,(anonymous_2)
FN:3,(anonymous_3)
FN:3,(anonymous_4)
FN:5,(anonymous_5)
FNF:6
FNH:0
FNDA:0,(anonymous_0)
FNDA:0,(anonymous_1)
FNDA:0,(anonymous_2)
FNDA:0,(anonymous_3)
FNDA:0,(anonymous_4)
FNDA:0,(anonymous_5)
DA:1,8
DA:2,8
DA:3,8
DA:5,8
LF:4
LH:4
BRF:0
BRH:0
end_of_record
TN:
SF:src/shared/UI/scrollIntoView.ts
FN:2,(anonymous_0)
FN:10,(anonymous_1)
FNF:2
FNH:2
FNDA:2,(anonymous_0)
FNDA:2,(anonymous_1)
DA:2,9
DA:3,2
DA:4,2
DA:5,1
DA:10,9
DA:11,2
DA:12,2
DA:13,1
DA:14,1
LF:9
LH:9
BRDA:4,0,0,1
BRDA:12,1,0,1
BRF:2
BRH:2
end_of_record
TN:
SF:src/shared/UI/useHeightChangeObserver.ts
FN:3,(anonymous_0)
FN:7,(anonymous_1)
FN:12,(anonymous_2)
FN:26,(anonymous_3)
FNF:4
FNH:0
FNDA:0,(anonymous_0)
FNDA:0,(anonymous_1)
FNDA:0,(anonymous_2)
FNDA:0,(anonymous_3)
DA:1,8
DA:3,8
DA:4,0
DA:5,0
DA:7,0
DA:8,0
DA:9,0
DA:10,0
DA:12,0
DA:13,0
DA:14,0
DA:15,0
DA:16,0
DA:20,0
DA:22,0
DA:23,0
DA:24,0
DA:26,0
DA:27,0
DA:32,0
LF:20
LH:2
BRDA:3,0,0,0
BRDA:8,1,0,0
BRDA:10,2,0,0
BRDA:14,3,0,0
BRF:4
BRH:0
end_of_record
TN:
SF:src/shared/files/fetchJson.ts
FN:3,(anonymous_0)
FN:9,(anonymous_1)
FN:12,(anonymous_2)
FN:19,(anonymous_3)
FNF:4
FNH:1
FNDA:8,(anonymous_0)
FNDA:0,(anonymous_1)
FNDA:0,(anonymous_2)
FNDA:0,(anonymous_3)
DA:1,8
DA:3,8
DA:4,8
DA:9,8
DA:10,0
DA:13,0
DA:14,0
DA:15,0
DA:17,0
DA:19,0
LF:10
LH:4
BRDA:3,0,0,8
BRDA:3,0,1,8
BRDA:14,1,0,0
BRF:3
BRH:2
end_of_record
TN:
SF:src/shared/files/getImageSrc.ts
FN:2,(anonymous_0)
FNF:1
FNH:0
FNDA:0,(anonymous_0)
DA:2,8
LF:1
LH:1
BRF:0
BRH:0
end_of_record
TN:
SF:src/shared/files/index.ts
FN:1,(anonymous_0)
FN:2,(anonymous_1)
FNF:2
FNH:0
FNDA:0,(anonymous_0)
FNDA:0,(anonymous_1)
DA:1,8
DA:2,8
LF:2
LH:2
BRF:0
BRH:0
end_of_record
TN:
SF:src/shared/forms/genFormError.ts
FN:1,(anonymous_0)
FNF:1
FNH:1
FNDA:5,(anonymous_0)
DA:1,9
DA:2,5
LF:2
LH:2
BRF:0
BRH:0
end_of_record
TN:
SF:src/shared/forms/index.ts
FN:1,(anonymous_0)
FN:2,(anonymous_1)
FN:3,(anonymous_2)
FNF:3
FNH:1
FNDA:0,(anonymous_0)
FNDA:14,(anonymous_1)
FNDA:0,(anonymous_2)
DA:1,8
DA:2,22
DA:3,8
LF:3
LH:3
BRF:0
BRH:0
end_of_record
TN:
SF:src/shared/forms/regExps.ts
FNF:0
FNH:0
DA:1,8
LF:1
LH:1
BRF:0
BRH:0
end_of_record
TN:
SF:src/shared/forms/verification.ts
FN:1,(anonymous_0)
FNF:1
FNH:1
FNDA:9,(anonymous_0)
DA:1,9
DA:2,9
DA:3,9
DA:4,9
LF:4
LH:4
BRDA:1,0,0,9
BRDA:1,0,1,9
BRF:2
BRH:2
end_of_record
TN:
SF:src/shared/iframe/generateIframeSource.ts
FN:5,(anonymous_0)
FNF:1
FNH:1
FNDA:11,(anonymous_0)
DA:1,10
DA:2,10
DA:3,10
DA:5,10
DA:6,11
DA:8,1
DA:10,1
DA:12,1
DA:14,1
DA:16,1
DA:18,2
DA:20,1
DA:22,1
DA:24,2
LF:14
LH:14
BRDA:6,0,0,1
BRDA:6,0,1,1
BRDA:6,0,2,1
BRDA:6,0,3,1
BRDA:6,0,4,1
BRDA:6,0,5,2
BRDA:6,0,6,1
BRDA:6,0,7,1
BRDA:6,0,8,2
BRDA:18,1,0,1
BRDA:18,1,1,1
BRDA:24,2,0,1
BRDA:24,2,1,1
BRF:13
BRH:13
end_of_record
TN:
SF:src/shared/iframe/iframeEventEnums.ts
FN:1,(anonymous_0)
FN:5,(anonymous_1)
FN:10,(anonymous_2)
FN:22,(anonymous_3)
FN:28,(anonymous_4)
FN:34,(anonymous_5)
FN:39,(anonymous_6)
FNF:7
FNH:7
FNDA:10,(anonymous_0)
FNDA:10,(anonymous_1)
FNDA:10,(anonymous_2)
FNDA:10,(anonymous_3)
FNDA:10,(anonymous_4)
FNDA:10,(anonymous_5)
FNDA:10,(anonymous_6)
DA:1,10
DA:2,10
DA:5,10
DA:6,10
DA:7,10
DA:10,10
DA:11,10
DA:12,10
DA:13,10
DA:14,10
DA:15,10
DA:16,10
DA:17,10
DA:18,10
DA:19,10
DA:22,10
DA:23,10
DA:24,10
DA:25,10
DA:28,10
DA:29,10
DA:30,10
DA:31,10
DA:34,10
DA:35,10
DA:36,10
DA:39,10
DA:40,10
LF:28
LH:28
BRDA:1,0,0,10
BRDA:1,0,1,10
BRDA:5,1,0,10
BRDA:5,1,1,10
BRDA:10,2,0,10
BRDA:10,2,1,10
BRDA:22,3,0,10
BRDA:22,3,1,10
BRDA:28,4,0,10
BRDA:28,4,1,10
BRDA:34,5,0,10
BRDA:34,5,1,10
BRDA:39,6,0,10
BRDA:39,6,1,10
BRF:14
BRH:14
end_of_record
TN:
SF:src/shared/iframe/iframeEvents.ts
FN:7,(anonymous_0)
FN:20,(anonymous_1)
FNF:2
FNH:0
FNDA:0,(anonymous_0)
FNDA:0,(anonymous_1)
DA:2,8
DA:7,8
DA:8,0
DA:9,0
DA:10,0
DA:11,0
DA:12,0
DA:13,0
DA:14,0
DA:20,8
DA:21,0
DA:22,0
LF:12
LH:3
BRDA:9,0,0,0
BRDA:9,1,0,0
BRDA:9,1,1,0
BRDA:12,2,0,0
BRDA:21,3,0,0
BRF:5
BRH:0
end_of_record
TN:
SF:src/shared/iframe/index.ts
FN:1,(anonymous_0)
FN:2,(anonymous_1)
FN:2,(anonymous_2)
FN:2,(anonymous_3)
FN:2,(anonymous_4)
FN:2,(anonymous_5)
FN:2,(anonymous_6)
FN:2,(anonymous_7)
FN:4,(anonymous_8)
FN:4,(anonymous_9)
FN:5,(anonymous_10)
FNF:11
FNH:0
FNDA:0,(anonymous_0)
FNDA:0,(anonymous_1)
FNDA:0,(anonymous_2)
FNDA:0,(anonymous_3)
FNDA:0,(anonymous_4)
FNDA:0,(anonymous_5)
FNDA:0,(anonymous_6)
FNDA:0,(anonymous_7)
FNDA:0,(anonymous_8)
FNDA:0,(anonymous_9)
FNDA:0,(anonymous_10)
DA:1,8
DA:2,8
DA:4,8
DA:5,8
LF:4
LH:4
BRF:0
BRH:0
end_of_record
TN:
SF:src/shared/iframe/verificationDespatchEvent.ts
FN:32,(anonymous_0)
FNF:1
FNH:0
FNDA:0,(anonymous_0)
DA:32,9
DA:33,0
DA:43,0
DA:44,0
DA:46,0
DA:47,0
DA:49,0
LF:7
LH:1
BRDA:43,0,0,0
BRDA:43,0,1,0
BRDA:46,1,0,0
BRDA:46,1,1,0
BRF:4
BRH:0
end_of_record
TN:
SF:src/shared/location/addQueryParam.ts
FN:4,(anonymous_0)
FNF:1
FNH:0
FNDA:0,(anonymous_0)
DA:4,11
DA:5,0
DA:6,0
DA:7,0
LF:4
LH:1
BRF:0
BRH:0
end_of_record
TN:
SF:src/shared/location/findLocationBase.ts
FN:2,(anonymous_0)
FNF:1
FNH:0
FNDA:0,(anonymous_0)
DA:2,11
DA:3,0
DA:4,0
DA:6,0
LF:4
LH:1
BRDA:3,0,0,0
BRF:1
BRH:0
end_of_record
TN:
SF:src/shared/location/genReturnLocationString.ts
FN:3,(anonymous_0)
FNF:1
FNH:0
FNDA:0,(anonymous_0)
DA:3,11
DA:4,0
DA:5,0
DA:6,0
LF:4
LH:1
BRDA:5,0,0,0
BRDA:5,0,1,0
BRDA:5,1,0,0
BRDA:5,1,1,0
BRDA:6,2,0,0
BRDA:6,2,1,0
BRF:6
BRH:0
end_of_record
TN:
SF:src/shared/location/getReturnLocation.ts
FN:2,(anonymous_0)
FNF:1
FNH:0
FNDA:0,(anonymous_0)
DA:2,11
DA:3,0
DA:4,0
DA:5,0
DA:6,0
LF:5
LH:1
BRDA:6,0,0,0
BRDA:6,0,1,0
BRF:2
BRH:0
end_of_record
TN:
SF:src/shared/location/index.ts
FN:1,(anonymous_0)
FN:2,(anonymous_1)
FN:3,(anonymous_2)
FN:4,(anonymous_3)
FN:5,(anonymous_4)
FN:5,(anonymous_5)
FN:5,(anonymous_6)
FN:5,(anonymous_7)
FN:5,(anonymous_8)
FN:5,(anonymous_9)
FN:5,(anonymous_10)
FN:5,(anonymous_11)
FN:6,(anonymous_12)
FN:6,(anonymous_13)
FN:6,(anonymous_14)
FN:7,(anonymous_15)
FNF:16
FNH:1
FNDA:0,(anonymous_0)
FNDA:0,(anonymous_1)
FNDA:0,(anonymous_2)
FNDA:0,(anonymous_3)
FNDA:0,(anonymous_4)
FNDA:88,(anonymous_5)
FNDA:0,(anonymous_6)
FNDA:0,(anonymous_7)
FNDA:0,(anonymous_8)
FNDA:0,(anonymous_9)
FNDA:0,(anonymous_10)
FNDA:0,(anonymous_11)
FNDA:0,(anonymous_12)
FNDA:0,(anonymous_13)
FNDA:0,(anonymous_14)
FNDA:0,(anonymous_15)
DA:1,11
DA:2,11
DA:3,11
DA:4,11
DA:5,99
DA:6,11
DA:7,11
LF:7
LH:7
BRF:0
BRH:0
end_of_record
TN:
SF:src/shared/location/isRegistrationFlowPage.ts
FN:5,(anonymous_0)
FN:17,(anonymous_1)
FNF:2
FNH:0
FNDA:0,(anonymous_0)
FNDA:0,(anonymous_1)
DA:1,11
DA:2,11
DA:5,11
DA:6,0
DA:16,0
DA:17,0
LF:6
LH:3
BRF:0
BRH:0
end_of_record
TN:
SF:src/shared/location/microAppsBases.ts
FN:1,(anonymous_0)
FN:16,(anonymous_1)
FN:31,(anonymous_2)
FN:37,(anonymous_3)
FN:57,(anonymous_4)
FN:61,(anonymous_5)
FN:65,(anonymous_6)
FN:69,(anonymous_7)
FNF:8
FNH:8
FNDA:20,(anonymous_0)
FNDA:20,(anonymous_1)
FNDA:20,(anonymous_2)
FNDA:20,(anonymous_3)
FNDA:4,(anonymous_4)
FNDA:4,(anonymous_5)
FNDA:7,(anonymous_6)
FNDA:5,(anonymous_7)
DA:1,20
DA:2,20
DA:3,20
DA:4,20
DA:5,20
DA:6,20
DA:7,20
DA:8,20
DA:9,20
DA:10,20
DA:11,20
DA:12,20
DA:13,20
DA:16,20
DA:17,20
DA:18,20
DA:19,20
DA:20,20
DA:21,20
DA:22,20
DA:23,20
DA:24,20
DA:25,20
DA:26,20
DA:27,20
DA:28,20
DA:31,20
DA:32,20
DA:33,20
DA:34,20
DA:37,20
DA:38,20
DA:39,20
DA:40,20
DA:43,20
DA:45,20
DA:57,20
DA:58,4
DA:61,20
DA:62,4
DA:65,20
DA:67,20
DA:69,20
DA:70,5
LF:44
LH:44
BRDA:1,0,0,20
BRDA:1,0,1,20
BRDA:16,1,0,20
BRDA:16,1,1,20
BRDA:31,2,0,20
BRDA:31,2,1,20
BRDA:37,3,0,20
BRDA:37,3,1,20
BRF:8
BRH:8
end_of_record
TN:
SF:src/shared/location/redirectToLocation.ts
FN:7,registerLeaveCheck
FN:11,confirmLeave
FN:15,(anonymous_2)
FN:19,(anonymous_3)
FN:30,(anonymous_4)
FN:33,(anonymous_5)
FN:55,(anonymous_6)
FNF:7
FNH:0
FNDA:0,registerLeaveCheck
FNDA:0,confirmLeave
FNDA:0,(anonymous_2)
FNDA:0,(anonymous_3)
FNDA:0,(anonymous_4)
FNDA:0,(anonymous_5)
FNDA:0,(anonymous_6)
DA:1,11
DA:2,11
DA:3,11
DA:5,11
DA:7,11
DA:8,0
DA:11,11
DA:12,0
DA:15,11
DA:16,0
DA:19,11
DA:20,0
DA:22,0
DA:23,0
DA:25,0
DA:30,11
DA:31,0
DA:33,0
DA:34,0
DA:35,0
DA:36,0
DA:37,0
DA:38,0
DA:40,0
DA:41,0
DA:42,0
DA:44,0
DA:47,0
DA:50,0
DA:52,0
DA:53,0
DA:55,0
DA:56,0
LF:33
LH:9
BRDA:12,0,0,0
BRDA:12,0,1,0
BRDA:22,1,0,0
BRDA:22,1,1,0
BRDA:22,2,0,0
BRDA:22,2,1,0
BRDA:31,3,0,0
BRDA:31,3,1,0
BRDA:34,4,0,0
BRDA:34,5,0,0
BRDA:34,5,1,0
BRDA:37,6,0,0
BRDA:41,7,0,0
BRDA:50,8,0,0
BRDA:50,8,1,0
BRDA:52,9,0,0
BRDA:52,9,1,0
BRDA:56,10,0,0
BRF:18
BRH:0
end_of_record
TN:
SF:src/shared/packages/calcPackagePrice.ts
FN:3,(anonymous_0)
FN:4,(anonymous_1)
FNF:2
FNH:2
FNDA:5,(anonymous_0)
FNDA:9,(anonymous_1)
DA:3,9
DA:4,9
DA:5,5
DA:6,1
DA:8,4
LF:5
LH:5
BRDA:3,0,0,3
BRDA:4,1,0,9
BRDA:4,1,1,1
BRDA:5,2,0,1
BRF:4
BRH:4
end_of_record
TN:
SF:src/shared/packages/checkProduct.ts
FN:4,(anonymous_0)
FN:6,(anonymous_1)
FN:6,(anonymous_2)
FNF:3
FNH:3
FNDA:6,(anonymous_0)
FNDA:4,(anonymous_1)
FNDA:5,(anonymous_2)
DA:4,9
DA:5,6
DA:6,5
DA:7,5
LF:4
LH:4
BRDA:5,0,0,1
BRF:1
BRH:1
end_of_record
TN:
SF:src/shared/packages/index.ts
FN:1,(anonymous_0)
FN:2,(anonymous_1)
FNF:2
FNH:0
FNDA:0,(anonymous_0)
FNDA:0,(anonymous_1)
DA:1,8
DA:2,8
LF:2
LH:2
BRF:0
BRH:0
end_of_record
TN:
SF:src/shared/platform/index.ts
FN:1,(anonymous_0)
FN:1,(anonymous_1)
FNF:2
FNH:0
FNDA:0,(anonymous_0)
FNDA:0,(anonymous_1)
DA:1,8
LF:1
LH:1
BRF:0
BRH:0
end_of_record
TN:
SF:src/shared/platform/platformChecks.tsx
FN:1,(anonymous_0)
FN:8,(anonymous_1)
FNF:2
FNH:0
FNDA:0,(anonymous_0)
FNDA:0,(anonymous_1)
DA:1,8
DA:2,0
DA:3,0
DA:4,0
DA:5,0
DA:8,8
DA:9,0
DA:10,0
LF:8
LH:2
BRDA:2,0,0,0
BRDA:2,0,1,0
BRDA:4,1,0,0
BRDA:4,2,0,0
BRDA:4,2,1,0
BRF:5
BRH:0
end_of_record
TN:
SF:src/shared/user/appListAccessCheck.ts
FN:4,(anonymous_0)
FN:9,(anonymous_1)
FNF:2
FNH:0
FNDA:0,(anonymous_0)
FNDA:0,(anonymous_1)
DA:1,8
DA:2,8
DA:4,8
DA:5,0
DA:6,0
DA:7,0
DA:8,0
DA:9,0
DA:10,0
DA:12,0
DA:14,0
LF:11
LH:3
BRDA:5,0,0,0
BRDA:8,1,0,0
BRF:2
BRH:0
end_of_record
TN:
SF:src/shared/user/conceptsUsers.ts
FN:6,(anonymous_0)
FN:8,(anonymous_1)
FN:10,(anonymous_2)
FN:10,(anonymous_3)
FN:12,(anonymous_4)
FN:14,(anonymous_5)
FN:18,(anonymous_6)
FN:26,(anonymous_7)
FNF:8
FNH:0
FNDA:0,(anonymous_0)
FNDA:0,(anonymous_1)
FNDA:0,(anonymous_2)
FNDA:0,(anonymous_3)
FNDA:0,(anonymous_4)
FNDA:0,(anonymous_5)
FNDA:0,(anonymous_6)
FNDA:0,(anonymous_7)
DA:1,8
DA:2,8
DA:3,8
DA:4,8
DA:6,8
DA:8,8
DA:10,8
DA:12,8
DA:14,8
DA:15,0
DA:19,0
DA:20,0
DA:22,0
DA:26,8
LF:14
LH:10
BRDA:19,0,0,0
BRF:1
BRH:0
end_of_record
TN:
SF:src/shared/user/genUserName.ts
FN:2,(anonymous_0)
FNF:1
FNH:1
FNDA:6,(anonymous_0)
DA:2,9
DA:3,6
LF:2
LH:2
BRDA:3,0,0,1
BRDA:3,0,1,5
BRDA:3,1,0,6
BRDA:3,1,1,3
BRDA:3,2,0,1
BRDA:3,2,1,4
BRDA:3,3,0,5
BRDA:3,3,1,3
BRDA:3,4,0,4
BRDA:3,4,1,2
BRDA:3,5,0,4
BRDA:3,5,1,2
BRF:12
BRH:12
end_of_record
TN:
SF:src/shared/user/getUserData.ts
FN:7,(anonymous_6)
FN:11,(anonymous_7)
FN:12,(anonymous_8)
FN:16,(anonymous_9)
FN:20,(anonymous_10)
FN:21,(anonymous_11)
FN:25,(anonymous_12)
FN:29,(anonymous_13)
FN:30,(anonymous_14)
FNF:9
FNH:0
FNDA:0,(anonymous_6)
FNDA:0,(anonymous_7)
FNDA:0,(anonymous_8)
FNDA:0,(anonymous_9)
FNDA:0,(anonymous_10)
FNDA:0,(anonymous_11)
FNDA:0,(anonymous_12)
FNDA:0,(anonymous_13)
FNDA:0,(anonymous_14)
DA:2,8
DA:3,8
DA:4,8
DA:7,8
DA:8,0
DA:11,0
DA:12,0
DA:16,8
DA:17,0
DA:20,0
DA:21,0
DA:25,8
DA:26,0
DA:29,0
DA:30,0
LF:15
LH:6
BRDA:30,0,0,0
BRDA:30,0,1,0
BRF:2
BRH:0
end_of_record
TN:
SF:src/shared/user/getUserLocationData.ts
FN:27,(anonymous_0)
FN:54,(anonymous_1)
FN:59,(anonymous_2)
FN:60,(anonymous_3)
FN:62,(anonymous_4)
FN:69,(anonymous_5)
FN:75,(anonymous_6)
FNF:7
FNH:1
FNDA:8,(anonymous_0)
FNDA:0,(anonymous_1)
FNDA:0,(anonymous_2)
FNDA:0,(anonymous_3)
FNDA:0,(anonymous_4)
FNDA:0,(anonymous_5)
FNDA:0,(anonymous_6)
DA:1,8
DA:3,8
DA:27,8
DA:28,8
DA:29,8
DA:30,8
DA:31,8
DA:32,8
DA:33,8
DA:34,8
DA:35,8
DA:36,8
DA:37,8
DA:38,8
DA:39,8
DA:54,8
DA:55,0
DA:56,0
DA:58,0
DA:59,0
DA:61,0
DA:63,0
DA:64,0
DA:65,0
DA:67,0
DA:69,0
DA:75,8
DA:76,0
DA:77,0
DA:78,0
DA:80,0
LF:31
LH:17
BRDA:27,0,0,8
BRDA:27,0,1,8
BRDA:55,1,0,0
BRDA:55,1,1,0
BRDA:64,2,0,0
BRDA:77,3,0,0
BRF:6
BRH:2
end_of_record
TN:
SF:src/shared/user/index.ts
FN:1,(anonymous_0)
FN:1,(anonymous_1)
FN:1,(anonymous_2)
FN:2,(anonymous_3)
FN:3,(anonymous_4)
FN:4,(anonymous_5)
FN:5,(anonymous_6)
FN:6,(anonymous_7)
FN:6,(anonymous_8)
FN:7,(anonymous_9)
FN:8,(anonymous_10)
FN:8,(anonymous_11)
FN:9,(anonymous_12)
FNF:13
FNH:0
FNDA:0,(anonymous_0)
FNDA:0,(anonymous_1)
FNDA:0,(anonymous_2)
FNDA:0,(anonymous_3)
FNDA:0,(anonymous_4)
FNDA:0,(anonymous_5)
FNDA:0,(anonymous_6)
FNDA:0,(anonymous_7)
FNDA:0,(anonymous_8)
FNDA:0,(anonymous_9)
FNDA:0,(anonymous_10)
FNDA:0,(anonymous_11)
FNDA:0,(anonymous_12)
DA:1,8
DA:2,8
DA:3,8
DA:4,8
DA:5,8
DA:6,8
DA:7,8
DA:8,8
DA:9,8
LF:9
LH:9
BRF:0
BRH:0
end_of_record
TN:
SF:src/shared/user/isCountryAvailable.ts
FN:4,(anonymous_0)
FN:6,(anonymous_1)
FNF:2
FNH:0
FNDA:0,(anonymous_0)
FNDA:0,(anonymous_1)
DA:1,8
DA:4,8
DA:5,0
DA:6,0
LF:4
LH:2
BRF:0
BRH:0
end_of_record
TN:
SF:src/shared/user/isFullyLoggedIn.ts
FN:5,(anonymous_6)
FNF:1
FNH:0
FNDA:0,(anonymous_6)
DA:1,8
DA:2,8
DA:5,8
DA:6,0
DA:7,0
DA:8,0
DA:9,0
DA:10,0
DA:12,0
DA:13,0
DA:15,0
LF:11
LH:3
BRDA:7,0,0,0
BRDA:7,0,1,0
BRDA:9,1,0,0
BRDA:9,1,1,0
BRDA:12,2,0,0
BRDA:12,2,1,0
BRF:6
BRH:0
end_of_record
TN:
SF:src/shared/user/logout.ts
FN:7,(anonymous_0)
FN:12,(anonymous_1)
FN:14,(anonymous_2)
FN:19,(anonymous_3)
FN:24,(anonymous_4)
FNF:5
FNH:0
FNDA:0,(anonymous_0)
FNDA:0,(anonymous_1)
FNDA:0,(anonymous_2)
FNDA:0,(anonymous_3)
FNDA:0,(anonymous_4)
DA:1,8
DA:2,8
DA:3,8
DA:4,8
DA:5,8
DA:7,8
DA:8,0
DA:9,0
DA:12,8
DA:13,0
DA:14,0
DA:15,0
DA:19,8
DA:20,0
DA:21,0
DA:24,8
DA:25,0
DA:26,0
DA:28,0
DA:30,0
DA:31,0
LF:21
LH:9
BRDA:8,0,0,0
BRDA:26,1,0,0
BRF:2
BRH:0
end_of_record
